0 1
0 10
0 191
0 378
0 832
0 942
0 955
2 84
6 592
6 985
7 861
8 447
8 838
9 880
10 703
11 173
12 985
13 656
13 836
16 242
16 565
16 623
17 816
18 73
19 728
20 552
21 280
24 66
24 520
25 411
26 280
32 667
38 740
40 570
40 656
40 702
41 470
44 83
44 240
45 336
48 676
50 827
53 68
56 394
57 850
59 940
60 886
60 919
63 534
65 92
65 148
65 414
66 675
69 800
70 354
71 520
72 107
74 220
74 835
84 694
84 738
86 819
86 852
88 99
89 428
91 258
95 327
96 184
96 761
96 789
100 999
101 558
102 916
106 188
111 595
111 900
112 160
114 487
116 467
116 804
118 358
119 275
120 315
120 359
120 392
120 762
120 898
120 911
124 546
125 910
126 184
126 743
127 579
130 385
130 825
133 708
136 620
136 863
137 163
140 180
145 670
148 263
150 777
153 452
155 466
157 928
164 167
164 730
165 220
165 688
166 432
168 341
170 254
170 722
172 372
175 812
177 580
179 294
179 719
181 262
184 220
184 539
186 302
189 600
196 966
197 282
198 536
199 811
200 266
200 605
200 682
200 725
204 625
206 578
208 892
209 718
213 556
215 877
218 694
224 887
224 954
225 446
225 540
228 708
228 742
229 910
232 664
233 250
235 300
239 409
240 810
243 335
246 856
247 285
248 598
250 273
251 292
252 913
255 735
257 488
260 323
264 338
268 608
268 858
272 772
273 396
276 425
277 830
279 780
280 536
280 568
282 640
283 682
286 843
293 391
294 640
294 899
296 358
299 489
299 994
301 744
302 374
303 833
304 592
307 460
308 538
310 528
310 711
311 800
316 320
316 690
318 826
319 867
322 933
324 822
327 490
328 784
328 788
330 836
334 768
334 880
335 747
340 730
340 834
345 647
345 775
346 640
350 735
351 940
352 875
356 908
358 422
360 842
360 947
364 617
364 910
370 654
372 522
375 820
376 766
380 461
381 812
382 970
384 434
384 491
387 616
388 774
395 654
398 608
400 529
401 548
401 574
405 968
406 634
411 926
416 842
417 907
424 586
429 760
430 968
434 455
434 680
441 640
445 557
445 797
450 718
456 792
460 975
462 597
462 820
464 844
465 488
468 741
468 904
469 873
471 896
475 586
478 518
478 649
478 950
480 713
480 853
484 621
485 871
489 546
490 750
493 535
505 592
506 800
508 669
512 604
514 826
515 960
520 558
525 602
530 908
532 744
537 962
538 767
543 895
545 638
545 776
545 901
553 656
558 925
559 855
560 748
560 965
562 960
563 992
564 788
566 940
579 872
581 593
583 744
587 810
600 773
600 970
602 736
605 895
606 621
606 923
609 642
617 806
618 740
623 865
623 958
626 899
630 784
645 714
650 961
658 701
662 664
663 840
680 828
684 912
685 945
685 956
690 744
697 920
726 744
727 897
729 795
734 771
734 786
746 860
749 914
754 875
768 916
770 871
778 950
779 840
786 931
796 816
817 899
820 951
851 902
872 907
879 960
884 926
903 990
908 950
934 981
955 994
961 991
971 975
