0: 1 10
1: 11 12
2: 13 14
3: 15 16
4: 17 18
5: 19 20
6: 21 22
7: 23 28
8: 29 36
9: 37 38
10: 39 40
11: 41 42
12: 43 44
13: 45 46
14: 47 48
15: 49 50
16: 2 3
17: 51 52
18: 53 56
19: 30 31
20: 57 62
21: 63 80
22: 81 86
23: 87 88
24: 24 27
25: 89 90
26: 91 98
27: 72 73
28: 99 100
29: 101 102
30: 66 69
31: 103 106
32: 4 5
33: 107 108
34: 109 110
35: 111 118
36: 113 116
37: 74 75
38: 119 122
39: 123 124
40: 125 128
41: 129 130
42: 131 132
43: 133 134
44: 135 136
45: 137 138
46: 94 95
47: 120 121
48: 139 140
49: 141 142
50: 6 9
51: 143 144
52: 25 26
53: 145 146
54: 147 148
55: 149 150
56: 126 127
57: 151 152
58: 153 156
59: 157 158
60: 82 85
61: 159 160
62: 83 84
63: 161 162
64: 163 164
65: 7 8
66: 114 115
67: 165 166
68: 67 68
69: 167 168
70: 169 170
71: 171 172
72: 58 59
73: 173 174
74: 60 61
75: 112 117
76: 65 78
77: 154 155
78: 175 176
79: 64 79
80: 71 76
81: 177 178
82: 54 55
83: 179 180
84: 104 105
85: 181 182
86: 183 184
87: 185 186
88: 93 96
89: 92 97
90: 32 33
91: 187 188
92: 189 190
93: 191 192
94: 34 35
95: 193 194
96: 195 196
97: 197 198
98: 70 77
99: 199 200
