0: 1 1166
1: 2 3
2: 587 588
3: 1167 1168
4: 123 1052
5: 715 730
6: 460 465
7: 1169 1172
8: 507 538
9: 718 719
10: 4 7
11: 1173 1176
12: 462 463
13: 1005 1010
14: 1177 1178
15: 1179 1180
16: 652 665
17: 978 979
18: 1181 1184
19: 539 540
20: 708 709
21: 69 70
22: 128 1021
23: 1185 1186
24: 159 164
25: 172 937
26: 71 72
27: 1187 1188
28: 30 1127
29: 1189 1190
30: 105 1074
31: 1191 1192
32: 1193 1196
33: 1197 1198
34: 1199 1200
35: 1201 1202
36: 73 1110
37: 1203 1204
38: 1205 1210
39: 1211 1212
40: 131 1016
41: 21 22
42: 342 409
43: 1213 1214
44: 45 52
45: 1215 1218
46: 1219 1220
47: 278 753
48: 8 1145
49: 1221 1222
50: 106 1073
51: 1223 1224
52: 75 1108
53: 1225 1228
54: 1229 1230
55: 1231 1232
56: 271 272
57: 576 577
58: 454 475
59: 818 819
60: 269 830
61: 1233 1234
62: 307 320
63: 1235 1238
64: 1239 1240
65: 411 416
66: 160 163
67: 1241 1242
68: 1226 1227
69: 355 356
70: 144 985
71: 165 166
72: 1243 1246
73: 1182 1183
74: 429 432
75: 103 1076
76: 505 692
77: 1247 1248
78: 1249 1250
79: 1251 1252
80: 12 1143
81: 1253 1254
82: 1255 1256
83: 44 55
84: 586 591
85: 1257 1258
86: 869 884
87: 1259 1260
88: 38 63
89: 87 88
90: 242 859
91: 116 117
92: 412 413
93: 1261 1262
94: 1263 1264
95: 152 153
96: 418 423
97: 1265 1266
98: 132 1001
99: 39 40
100: 169 960
101: 970 971
102: 723 724
103: 1267 1268
104: 111 112
105: 1269 1270
106: 23 1132
107: 1244 1245
108: 846 853
109: 1271 1272
110: 190 921
111: 758 761
112: 831 832
113: 543 676
114: 731 732
115: 1273 1274
116: 476 499
117: 1275 1276
118: 1046 1047
119: 184 187
120: 79 1098
121: 1277 1278
122: 1279 1280
123: 1281 1282
124: 1159 1160
125: 255 256
126: 424 427
127: 792 793
128: 125 1044
129: 1283 1284
130: 244 267
131: 1285 1286
132: 1287 1288
133: 810 811
134: 1289 1290
135: 1291 1292
136: 516 519
137: 1293 1296
138: 130 1019
139: 1297 1298
140: 92 93
141: 1299 1300
142: 241 862
143: 1301 1302
144: 157 976
145: 210 211
146: 1303 1304
147: 1305 1306
148: 410 501
149: 1307 1308
150: 1309 1312
151: 31 1126
152: 13 1142
153: 98 99
154: 1313 1314
155: 1315 1318
156: 1319 1320
157: 801 802
158: 1321 1322
159: 1323 1324
160: 268 833
161: 1325 1326
162: 1327 1328
163: 1294 1295
164: 219 234
165: 433 436
166: 196 197
167: 220 221
168: 191 194
169: 353 388
170: 37 66
171: 556 557
172: 57 58
173: 1174 1175
174: 275 790
175: 1329 1334
176: 1335 1336
177: 17 18
178: 282 333
179: 291 294
180: 91 1088
181: 1337 1340
182: 360 369
183: 1341 1342
184: 417 450
185: 1343 1344
186: 1345 1350
187: 1351 1352
188: 24 25
189: 564 565
190: 583 626
191: 1146 1147
192: 240 863
193: 1353 1354
194: 1355 1356
195: 1357 1358
196: 126 1043
197: 287 288
198: 1112 1113
199: 1359 1362
200: 235 906
201: 1363 1364
202: 19 1134
203: 1365 1366
204: 168 963
205: 109 1062
206: 314 317
207: 1367 1368
208: 113 1060
209: 886 887
210: 847 850
211: 1369 1370
212: 1371 1372
213: 1373 1376
214: 222 227
215: 361 368
216: 599 600
217: 1377 1378
218: 592 593
219: 1379 1380
220: 428 437
221: 1381 1382
222: 763 764
223: 1383 1384
224: 1385 1390
225: 601 604
226: 1391 1392
227: 1393 1394
228: 812 815
229: 257 258
230: 104 1075
231: 1395 1396
232: 480 495
233: 372 373
234: 135 996
235: 596 597
236: 544 675
237: 1397 1398
238: 1399 1400
239: 236 865
240: 46 51
241: 1401 1402
242: 653 654
243: 964 965
244: 1403 1404
245: 1405 1406
246: 447 448
247: 1407 1410
248: 249 250
249: 1411 1412
250: 371 374
251: 350 351
252: 1413 1416
253: 1417 1418
254: 36 1119
255: 1419 1424
256: 110 1061
257: 699 700
258: 115 1056
259: 1425 1426
260: 171 956
261: 198 919
262: 1338 1339
263: 451 452
264: 555 634
265: 1427 1428
266: 866 867
267: 1429 1430
268: 606 609
269: 1431 1432
270: 15 1136
271: 1433 1434
272: 139 990
273: 370 375
274: 455 474
275: 185 186
276: 1435 1438
277: 1439 1442
278: 848 849
279: 678 679
280: 68 1117
281: 1443 1444
282: 286 289
283: 901 902
284: 78 1099
285: 1408 1409
286: 118 1055
287: 1445 1446
288: 504 711
289: 1447 1448
290: 511 532
291: 1449 1450
292: 349 390
293: 363 364
294: 290 301
295: 834 835
296: 124 1051
297: 1451 1452
298: 1453 1454
299: 1156 1163
300: 595 622
301: 941 942
302: 1346 1349
303: 686 687
304: 458 471
305: 486 493
306: 1455 1456
307: 334 335
308: 1022 1037
309: 1457 1458
310: 694 697
311: 357 358
312: 1459 1460
313: 1461 1462
314: 1463 1464
315: 80 81
316: 948 951
317: 1465 1466
318: 1467 1472
319: 1473 1476
320: 949 950
321: 1477 1478
322: 1479 1482
323: 938 939
324: 321 326
325: 137 994
326: 1483 1484
327: 151 154
328: 280 751
329: 1485 1486
330: 1007 1008
331: 1487 1488
332: 352 389
333: 1489 1490
334: 720 727
335: 167 968
336: 1216 1217
337: 27 1130
338: 558 559
339: 1491 1492
340: 229 232
341: 192 193
342: 1493 1494
343: 1495 1496
344: 107 1070
345: 488 491
346: 302 303
347: 1497 1498
348: 200 217
349: 1499 1500
350: 1421 1422
351: 820 821
352: 183 928
353: 1501 1502
354: 145 146
355: 348 391
356: 782 783
357: 1017 1018
358: 1045 1050
359: 82 83
360: 108 1069
361: 1503 1504
362: 1505 1506
363: 392 393
364: 253 260
365: 1507 1508
366: 1509 1510
367: 1511 1512
368: 102 1077
369: 1513 1514
370: 514 525
371: 1515 1516
372: 56 59
373: 1517 1518
374: 1347 1348
375: 173 930
376: 641 642
377: 1519 1520
378: 1148 1149
379: 41 62
380: 643 646
381: 1331 1332
382: 571 572
383: 1521 1522
384: 395 398
385: 245 246
386: 1523 1524
387: 141 142
388: 578 581
389: 1525 1526
390: 1527 1528
391: 362 365
392: 84 85
393: 1529 1530
394: 270 807
395: 522 523
396: 359 376
397: 1531 1532
398: 610 611
399: 1533 1534
400: 35 1122
401: 1535 1540
402: 1541 1542
403: 95 1086
404: 547 672
405: 202 203
406: 1543 1546
407: 1547 1548
408: 837 838
409: 237 238
410: 89 1090
411: 931 936
412: 42 61
413: 1549 1550
414: 414 415
415: 1551 1552
416: 1064 1065
417: 796 797
418: 1553 1554
419: 1555 1556
420: 541 690
421: 1557 1558
422: 1048 1049
423: 1559 1560
424: 513 530
425: 1436 1437
426: 1561 1562
427: 1563 1564
428: 86 1091
429: 712 713
430: 204 205
431: 136 995
432: 195 920
433: 1565 1566
434: 394 401
435: 1567 1568
436: 33 1124
437: 1569 1570
438: 1571 1572
439: 1573 1574
440: 542 689
441: 304 305
442: 554 635
443: 1575 1576
444: 808 825
445: 1577 1582
446: 602 603
447: 508 509
448: 453 500
449: 1583 1584
450: 868 893
451: 1585 1586
452: 97 1080
453: 1587 1588
454: 1589 1590
455: 399 400
456: 327 328
457: 1591 1592
458: 74 1109
459: 1593 1594
460: 281 340
461: 644 645
462: 175 178
463: 512 531
464: 138 993
465: 701 702
466: 1316 1317
467: 477 478
468: 1081 1084
469: 1595 1598
470: 20 1133
471: 1038 1039
472: 143 986
473: 1599 1600
474: 26 1131
475: 527 528
476: 803 804
477: 1601 1602
478: 773 778
479: 1603 1604
480: 218 913
481: 208 213
482: 276 789
483: 1605 1606
484: 549 670
485: 442 443
486: 1607 1608
487: 714 733
488: 698 705
489: 1157 1162
490: 150 155
491: 396 397
492: 1609 1610
493: 344 345
494: 1611 1612
495: 1613 1614
496: 836 839
497: 1615 1616
498: 548 671
499: 1617 1618
500: 101 1078
501: 1619 1620
502: 655 656
503: 1621 1622
504: 206 215
505: 466 467
506: 377 378
507: 1029 1032
508: 550 649
509: 1623 1624
510: 1625 1626
511: 1627 1628
512: 510 535
513: 1629 1630
514: 1469 1470
515: 840 841
516: 1631 1632
517: 1633 1634
518: 774 775
519: 1635 1636
520: 158 975
521: 1637 1638
522: 43 60
523: 1639 1640
524: 224 225
525: 308 319
526: 1641 1642
527: 188 923
528: 693 706
529: 1120 1121
530: 784 785
531: 1643 1644
532: 943 944
533: 1645 1646
534: 1236 1237
535: 343 408
536: 1111 1114
537: 1647 1650
538: 1023 1026
539: 438 439
540: 598 613
541: 1651 1652
542: 1653 1654
543: 896 897
544: 34 1123
545: 380 385
546: 1158 1161
547: 1655 1656
548: 1536 1537
549: 1657 1658
550: 134 999
551: 1659 1660
552: 707 710
553: 1011 1012
554: 546 673
555: 1661 1662
556: 1374 1375
557: 1578 1579
558: 969 974
559: 1663 1666
560: 14 1141
561: 1667 1668
562: 842 843
563: 627 628
564: 748 749
565: 657 658
566: 822 823
567: 1669 1670
568: 1115 1116
569: 1671 1672
570: 1002 1003
571: 1673 1674
572: 703 704
573: 1675 1676
574: 1538 1539
575: 1677 1678
576: 860 861
577: 1679 1680
578: 315 316
579: 791 794
580: 16 1135
581: 1681 1684
582: 1685 1686
583: 945 946
584: 1687 1688
585: 1102 1103
586: 526 529
587: 48 49
588: 997 998
589: 1689 1690
590: 29 1128
591: 1691 1692
592: 459 468
593: 1682 1683
594: 457 472
595: 759 760
596: 1693 1694
597: 176 177
598: 248 251
599: 1695 1696
600: 563 574
601: 1697 1698
602: 309 312
603: 1699 1700
604: 533 534
605: 894 899
606: 651 668
607: 1701 1702
608: 605 612
609: 1703 1706
610: 283 332
611: 1707 1708
612: 1709 1710
613: 114 1057
614: 1711 1712
615: 636 637
616: 140 987
617: 252 261
618: 1207 1208
619: 1713 1714
620: 515 520
621: 650 669
622: 1715 1716
623: 659 664
624: 1717 1718
625: 961 962
626: 296 297
627: 1719 1720
628: 1721 1722
629: 1723 1724
630: 744 745
631: 1725 1726
632: 77 1100
633: 1727 1728
634: 1544 1545
635: 1729 1730
636: 561 632
637: 1731 1732
638: 381 382
639: 1733 1734
640: 285 330
641: 1735 1736
642: 1704 1705
643: 1737 1738
644: 844 855
645: 1739 1742
646: 1743 1744
647: 489 490
648: 133 1000
649: 776 777
650: 199 918
651: 1745 1746
652: 736 739
653: 1027 1036
654: 521 524
655: 322 323
656: 1004 1013
657: 1747 1748
658: 1749 1752
659: 1753 1754
660: 341 502
661: 1755 1756
662: 482 483
663: 754 755
664: 481 484
665: 1757 1758
666: 737 738
667: 1194 1195
668: 1759 1760
669: 551 552
670: 209 212
671: 1761 1762
672: 1763 1764
673: 1765 1766
674: 1767 1768
675: 161 162
676: 9 10
677: 1769 1770
678: 402 403
679: 1771 1772
680: 347 406
681: 1773 1774
682: 900 903
683: 1775 1776
684: 890 891
685: 615 620
686: 1777 1778
687: 313 318
688: 434 435
689: 1779 1780
690: 947 952
691: 1781 1782
692: 1783 1784
693: 1785 1786
694: 585 624
695: 1787 1788
696: 100 1079
697: 638 639
698: 1789 1790
699: 1791 1792
700: 11 1144
701: 1750 1751
702: 1014 1015
703: 5 6
704: 469 470
705: 1793 1794
706: 756 769
707: 1795 1796
708: 809 816
709: 1797 1798
710: 870 879
711: 695 696
712: 1799 1800
713: 907 908
714: 1740 1741
715: 94 1087
716: 560 633
717: 1801 1802
718: 885 888
719: 292 293
720: 76 1107
721: 1803 1804
722: 64 65
723: 1805 1806
724: 566 567
725: 904 905
726: 953 954
727: 1807 1810
728: 506 691
729: 765 766
730: 228 233
731: 1811 1812
732: 1813 1814
733: 1815 1816
734: 872 875
735: 1420 1423
736: 310 311
737: 1817 1818
738: 589 590
739: 1819 1820
740: 1206 1209
741: 1082 1083
742: 813 814
743: 425 426
744: 940 955
745: 1821 1822
746: 1104 1105
747: 966 967
748: 1137 1138
749: 1823 1826
750: 149 982
751: 1827 1828
752: 1829 1830
753: 1831 1832
754: 925 926
755: 1833 1834
756: 851 852
757: 1835 1836
758: 1837 1838
759: 1839 1840
760: 503 742
761: 419 420
762: 1092 1093
763: 1841 1842
764: 284 331
765: 1843 1844
766: 640 647
767: 1024 1025
768: 721 726
769: 1845 1846
770: 440 445
771: 873 874
772: 988 989
773: 568 569
774: 579 580
775: 487 492
776: 379 386
777: 1310 1311
778: 779 780
779: 770 771
780: 677 682
781: 1847 1848
782: 122 1053
783: 1849 1850
784: 743 746
785: 279 752
786: 871 878
787: 1851 1852
788: 747 750
789: 421 422
790: 562 631
791: 32 1125
792: 306 329
793: 1853 1854
794: 1855 1856
795: 762 767
796: 156 981
797: 1580 1581
798: 1857 1858
799: 479 496
800: 354 387
801: 1859 1860
802: 1861 1862
803: 1863 1864
804: 497 498
805: 1865 1866
806: 247 262
807: 1867 1868
808: 90 1089
809: 1869 1870
810: 47 50
811: 1360 1361
812: 1330 1333
813: 584 625
814: 683 684
815: 1871 1872
816: 977 980
817: 298 299
818: 909 910
819: 880 881
820: 174 181
821: 1873 1874
822: 324 325
823: 1875 1876
824: 680 681
825: 263 264
826: 1468 1471
827: 1071 1072
828: 404 405
829: 1877 1878
830: 1440 1441
831: 1879 1880
832: 1150 1151
833: 685 688
834: 230 231
835: 430 431
836: 1006 1009
837: 1881 1882
838: 536 537
839: 346 407
840: 277 788
841: 1883 1884
842: 1063 1066
843: 119 120
844: 991 992
845: 1885 1886
846: 1887 1888
847: 1889 1890
848: 273 806
849: 1891 1892
850: 575 630
851: 1893 1896
852: 882 883
853: 911 912
854: 1897 1898
855: 1664 1665
856: 446 449
857: 1899 1900
858: 607 608
859: 1901 1902
860: 1101 1106
861: 1170 1171
862: 1903 1904
863: 517 518
864: 734 741
865: 660 661
866: 53 54
867: 1474 1475
868: 147 984
869: 1905 1906
870: 170 957
871: 441 444
872: 274 799
873: 1596 1597
874: 1907 1908
875: 924 927
876: 223 226
877: 366 367
878: 1909 1910
879: 856 857
880: 717 728
881: 1911 1912
882: 1913 1914
883: 1915 1916
884: 933 934
885: 1917 1918
886: 826 827
887: 1386 1387
888: 67 1118
889: 1919 1920
890: 189 922
891: 1921 1922
892: 1058 1059
893: 1923 1924
894: 1925 1926
895: 895 898
896: 127 1040
897: 1808 1809
898: 1094 1095
899: 295 300
900: 757 768
901: 383 384
902: 1894 1895
903: 1033 1034
904: 96 1085
905: 1927 1928
906: 1929 1930
907: 795 798
908: 781 786
909: 1931 1932
910: 254 259
911: 1096 1097
912: 889 892
913: 1414 1415
914: 1824 1825
915: 1933 1934
916: 722 725
917: 1935 1936
918: 1937 1938
919: 828 829
920: 553 648
921: 1939 1940
922: 1941 1942
923: 666 667
924: 182 929
925: 972 973
926: 932 935
927: 1943 1944
928: 800 805
929: 1945 1946
930: 735 740
931: 876 877
932: 594 623
933: 1480 1481
934: 1947 1950
935: 207 214
936: 845 854
937: 1951 1952
938: 1953 1954
939: 1955 1956
940: 817 824
941: 1957 1958
942: 1152 1153
943: 614 621
944: 485 494
945: 616 617
946: 28 1129
947: 1067 1068
948: 265 266
949: 1959 1960
950: 772 787
951: 179 180
952: 1961 1962
953: 1963 1964
954: 1388 1389
955: 1154 1165
956: 618 619
957: 1965 1966
958: 662 663
959: 1967 1968
960: 243 858
961: 914 917
962: 1648 1649
963: 1969 1970
964: 1971 1972
965: 1139 1140
966: 1041 1042
967: 1973 1974
968: 201 216
969: 1975 1976
970: 570 573
971: 337 338
972: 1977 1978
973: 1979 1980
974: 1981 1982
975: 336 339
976: 129 1020
977: 1983 1984
978: 545 674
979: 1985 1986
980: 716 729
981: 1948 1949
982: 1987 1988
983: 239 864
984: 121 1054
985: 461 464
986: 1989 1990
987: 1991 1992
988: 1993 1994
989: 1995 1996
990: 1028 1035
991: 915 916
992: 582 629
993: 1997 1998
994: 1155 1164
995: 1030 1031
996: 148 983
997: 456 473
998: 1999 2000
999: 958 959
