0
18
25
32
40
48
64
92
96
104
112
115
120
133
136
147
160
175
178
182
184
192
196
200
202
208
216
222
245
248
261
264
280
288
320
332
352
362
365
368
372
380
388
400
408
416
424
425
426
428
435
439
440
445
448
456
460
475
480
482
485
500
510
526
528
532
540
556
562
572
590
624
660
664
666
668
672
677
690
700
704
716
720
726
732
735
744
750
760
800
802
810
824
832
840
846
848
850
853
876
882
884
896
928
932
940
958
961
1000
1008
1012
1032
1045
1050
1065
1078
1084
1095
1104
1110
1114
1120
1148
1152
1168
1178
1184
1190
1198
1200
1212
1214
1220
1238
1250
1259
1264
1267
1268
1270
1282
1296
1304
1312
1318
1360
1364
1380
1386
1388
1404
1410
1430
1436
1446
1463
1464
1465
1466
1470
1474
1480
1488
1500
1516
1534
1536
1537
1539
1540
1544
1556
1565
1575
1584
1587
1594
1600
1632
1636
1646
1648
1664
1670
1676
1680
1688
1690
1700
1704
1705
1713
1725
1728
1732
1742
1745
1750
1760
1780
1784
1786
1790
1792
1794
1800
1808
1814
1820
1839
1844
1852
1856
1860
1864
1872
1886
1888
1900
1910
1913
1916
1940
1960
1968
1970
1971
1972
1974
1984
2000
2015
2016
2018
2034
2035
2040
2048
2070
2072
2074
2076
2080
2087
2112
2114
2124
2128
2130
2132
2142
2144
2160
2176
2180
2196
2200
2214
2224
2225
2235
2240
2247
2250
2264
2272
2280
2295
2325
2330
2340
2350
2368
2380
2392
2400
2404
2408
2412
2420
2426
2430
2432
2440
2444
2450
2460
2464
2480
2485
2488
2496
2500
2525
2528
2544
2552
2558
2562
2575
2593
2600
2602
2610
2611
2612
2625
2630
2646
2650
2660
2664
2669
2672
2685
2689
2692
2700
2708
2718
2720
2726
2732
2750
2764
2767
2769
2770
2785
2786
2800
2806
2810
2816
2820
2823
2827
2838
2840
2860
2864
2870
2872
2880
2884
2896
2900
2912
2966
2970
2975
3000
3010
3012
3019
3025
3028
3030
3032
3037
3044
3048
3050
3072
3075
3080
3096
3100
3110
3120
3128
3160
3162
3170
3175
3198
3200
3202
3203
3218
3230
3232
3260
3264
3275
3280
3285
3290
3296
3298
3300
3320
3328
3330
3332
3340
3356
3364
3368
3380
3400
3412
3416
3418
3420
3421
3424
3428
3431
3440
3448
3452
3455
3456
3464
3466
3476
3480
3492
3496
3518
3520
3530
3550
3552
3555
3560
3570
3590
3596
3600
3624
3625
3640
3648
3650
3655
3657
3660
3664
3672
3676
3680
3696
3712
3734
3735
3752
3770
3780
3800
3820
3824
3836
3839
3840
3850
3856
3872
3875
3880
3888
3890
3892
3898
3900
3940
3968
3975
3976
3980
3984
3990
3996
3997
3999
4000
4010
4020
4036
4040
4042
4060
4088
4096
4100
4104
4125
4128
4136
4148
4150
4160
4174
4180
4185
4190
4200
4230
4232
4240
4244
4250
4258
4265
4270
4288
4290
4300
4310
4318
4320
4325
4342
4352
4368
4380
4384
4388
4410
4420
4440
4448
4450
4476
4480
4485
4496
4500
4504
4510
4512
4525
4528
4536
4540
4570
4592
4598
4600
4605
4608
4616
4620
4632
4640
4656
4660
4696
4700
4704
4706
4710
4712
4716
4724
4732
4740
4744
4750
4754
4756
4760
4765
4766
4768
4770
4780
4784
4792
4796
4805
4808
4812
4816
4832
4836
4848
4851
4860
4880
4882
4896
4898
4900
4906
4912
4916
4929
4930
4932
4940
4948
4952
4958
4960
4964
4970
4980
4984
4985
5000
5009
5012
5016
5020
5024
5040
5050
5052
5058
5068
5088
5100
5108
5120
5136
5144
5145
5175
5180
5184
5195
5240
5250
5253
5259
5264
5280
5281
5290
5296
5298
5308
5336
5344
5372
5376
5380
5392
5400
5414
5420
5436
5440
5450
5454
5465
5470
5490
5500
5504
5516
5520
5531
5532
5552
5567
5568
5580
5590
5600
5620
5628
5640
5650
5656
5658
5660
5668
5675
5682
5692
5696
5700
5730
5736
5738
5750
5752
5754
5760
5764
5772
5776
5779
5792
5800
5814
5818
5824
5830
5838
5844
5860
5880
5890
5892
5900
5905
5910
5911
5916
5920
5930
5947
5950
5956
5962
5964
5966
5968
5984
5988
5996
6004
6016
6028
6040
6046
6047
6048
6056
6059
6060
6072
6080
6090
6092
6100
6102
6118
6122
6128
6132
6145
6147
6157
6170
6196
6200
6202
6208
6230
6240
6242
6250
6256
6266
6280
6288
6300
6304
6309
6310
6320
6330
6332
6350
6352
6360
6372
6375
6376
6378
6400
6425
6434
6435
6440
6453
6474
6480
6496
6500
6504
6526
6530
6550
6560
6564
6568
6589
6592
6600
6616
6626
6630
6631
6640
6650
6656
6665
6678
6680
6684
6688
6690
6700
6712
6720
6730
6750
6752
6760
6765
6768
6777
6778
6790
6792
6800
6808
6814
6819
6836
6844
6848
6852
6855
6860
6875
6876
6890
6895
6900
6910
6920
6928
6934
6952
6955
6968
6974
6975
6980
7000
7002
7025
7032
7034
7040
7050
7054
7064
7070
7076
7080
7090
7092
7100
7112
7120
7145
7152
7160
7168
7172
7182
7200
7212
7224
7232
7234
7235
7240
7244
7256
7265
7272
7280
7293
7296
7310
7336
7340
7356
7378
7384
7412
7419
7420
7430
7444
7451
7456
7460
7462
7490
7500
7520
7524
7552
7556
7566
7570
7576
7584
7600
7604
7616
7624
7643
7648
7696
7700
7718
7730
7744
7775
7794
7797
7800
7816
7832
7838
7839
7840
7856
7864
7865
7868
7872
7882
7884
7888
7900
7908
7933
7936
7944
7945
7946
7950
7964
7968
7982
7994
8000
8002
8012
8016
8026
8032
8060
8070
8093
8103
8105
8120
8125
8126
8140
8145
8150
8152
8156
8160
8162
8168
8190
8192
8200
8208
8209
8210
8216
8220
8225
8228
8230
8240
8250
8256
8260
8264
8268
8282
8290
8292
8296
8300
8304
8316
8320
8336
8340
8352
8368
8370
8384
8390
8400
8425
8426
8428
8444
8445
8456
8464
8492
8502
8504
8528
8530
8540
8560
8564
8572
8588
8608
8613
8619
8630
8644
8658
8660
8668
8670
8672
8678
8680
8688
8704
8712
8718
8728
8748
8750
8760
8768
8770
8780
8798
8808
8816
8818
8825
8831
8843
8846
8850
8872
8880
8896
8960
8964
8968
8970
8992
9000
9002
9030
9037
9040
9050
9060
9068
9072
9086
9088
9092
9100
9104
9106
9120
9121
9130
9148
9166
9172
9184
9200
9201
9214
9215
9224
9238
9264
9268
9280
9285
9296
9300
9310
9316
9318
9325
9328
9330
9341
9372
9375
9378
9380
9386
9400
9420
9428
9430
9448
9450
9465
9472
9475
9480
9484
9498
9502
9504
9506
9510
9528
9538
9545
9552
9560
9568
9578
9580
9592
9600
9615
9622
9630
9640
9648
9650
9652
9656
9660
9664
9665
9680
9684
9688
9696
9703
9705
9708
9713
9720
9729
9740
9780
9786
9788
9800
9832
9835
9840
9850
9856
9860
9869
9880
9882
9888
9904
9920
9924
9958
9975
10000
10008
10024
10039
10048
10050
10056
10076
10090
10100
10105
10108
10112
10120
10133
10138
10140
10150
10156
10158
10160
10179
10195
10196
10200
10208
10220
10224
10240
10245
10258
10260
10265
10268
10280
10293
10300
10304
10310
10312
10320
10325
10339
10360
10368
10370
10376
10380
10383
10384
10388
10392
10400
10424
10438
10442
10449
10460
10470
10480
10484
10496
10500
10505
10538
10544
10550
10560
10564
10568
10600
10610
10640
10656
10669
10670
10680
10688
10700
10720
10721
10724
10742
10761
10762
10768
10780
10790
10798
10810
10820
10840
10856
10860
10868
10872
10875
10880
10888
10920
10930
10936
10944
10960
10966
10972
10990
10995
11000
11004
11008
11014
11034
11050
11056
11074
11085
11088
11100
11112
11118
11120
11140
11154
11163
11176
11180
11184
11200
11203
11227
11230
11232
11240
11260
11280
11300
11302
11304
11336
11348
11350
11360
11362
11366
11379
11382
11385
11394
11395
11400
11408
11410
11414
11424
11440
11444
11450
11452
11460
11480
11500
11504
11505
11518
11520
11535
11536
11552
11564
11568
11570
11576
11590
11592
11600
11606
11645
11648
11665
11668
11680
11718
11744
11750
11752
11760
11770
11790
11800
11812
11820
11836
11840
11850
11858
11868
11886
11888
11900
11920
11930
11932
11940
11950
11952
11960
11975
11976
12000
12004
12040
12042
12046
12048
12050
12056
12060
12064
12067
12080
12090
12096
12100
12120
12128
12152
12164
12172
12176
12188
12200
12209
12210
12212
12215
12222
12224
12228
12230
12240
12256
12260
12264
12280
12288
12292
12295
12320
12336
12340
12348
12350
12362
12364
12365
12370
12375
12380
12386
12400
12408
12410
12423
12446
12452
12456
12458
12460
12466
12468
12495
12505
12510
12520
12539
12540
12560
12590
12600
12612
12628
12640
12648
12652
12655
12656
12661
12666
12688
12698
12700
12704
12720
12728
12736
12752
12760
12770
12780
12784
12792
12800
12809
12810
12820
12830
12832
12835
12848
12880
12896
12900
12920
12928
12932
12940
12946
12960
12964
12993
13000
13012
13020
13024
13037
13044
13060
13062
13066
13068
13080
13088
13090
13099
13100
13112
13116
13124
13125
13160
13168
13180
13190
13192
13200
13206
13208
13210
13214
13216
13224
13240
13250
13252
13256
13260
13264
13272
13273
13275
13280
13294
13300
13310
13312
13316
13325
13328
13336
13338
13344
13360
13362
13392
13396
13400
13414
13424
13426
13440
13460
13464
13472
13490
13500
13516
13520
13532
13550
13568
13586
13600
13604
13611
13616
13630
13640
13646
13652
13663
13670
13680
13690
13696
13698
13700
13704
13716
13719
13720
13730
13733
13734
13744
13756
13760
13768
13770
13773
13774
13775
13776
13800
13804
13808
13810
13814
13824
13838
13840
13875
13882
13888
13894
13896
13900
13902
13904
13910
13918
13920
13936
13938
13950
13960
13964
14000
14016
14026
14030
14036
14039
14048
14050
14064
14072
14078
14080
14082
14090
14096
14100
14104
14112
14116
14118
14120
14124
14142
14143
14144
14148
14160
14162
14200
14210
14216
14220
14226
14235
14238
14240
14248
14250
14254
14256
14259
14264
14270
14272
14274
14279
14280
14288
14291
14300
14305
14320
14340
14341
14346
14380
14416
14430
14434
14440
14448
14455
14464
14480
14500
14520
14534
14544
14560
14565
14570
14585
14592
14604
14608
14612
14620
14626
14640
14684
14695
14700
14704
14712
14736
14740
14741
14750
14752
14770
14776
14780
14788
14790
14794
14800
14810
14816
14836
14838
14855
14860
14870
14880
14912
14920
14931
14936
14946
14953
14960
14980
14985
14988
14992
15000
15008
15020
15032
15040
15044
15045
15052
15070
15073
15096
15100
15112
15120
15128
15135
15144
15150
15154
15164
15168
15192
15194
15200
15208
15212
15232
15247
15248
15270
15280
15288
15308
15314
15316
15320
15325
15336
15340
15344
15346
15360
15370
15380
15390
15400
15401
15428
15440
15448
15450
15456
15480
15488
15498
15500
15520
15526
15541
15565
15580
15584
15587
15593
15600
15614
15620
15639
15640
15660
15666
15688
15700
15704
15716
15740
15748
15750
15752
15760
15768
15780
15784
15800
15816
15840
15850
15856
15860
15862
15864
15868
15870
15875
15880
15890
15898
15910
15912
15916
15920
15928
15930
15936
15940
15960
15968
15976
15979
15995
16000
16016
16020
16032
16040
16045
16056
16064
16080
16082
16083
16100
16104
16120
16124
16127
16128
16134
16155
16156
16164
16176
16184
16188
16190
16195
16200
16204
16208
16212
16224
16240
16244
16248
16256
16260
16280
16282
16283
16295
16296
16302
16309
16334
16350
16372
16375
16376
16380
16384
16388
16393
16400
16407
16410
16420
16428
16435
16440
16444
16460
16464
16482
16484
16495
16498
16508
16510
16512
16520
16530
16544
16546
16550
16560
16570
16600
16610
16622
16640
16649
16650
16652
16676
16680
16700
16710
16712
16714
16720
16736
16744
16748
16750
16752
16765
16780
16800
16805
16806
16812
16816
16828
16832
16850
16855
16856
16864
16872
16880
16895
16900
16904
16920
16956
16960
16968
16979
16988
16992
16994
17000
17008
17009
17020
17024
17032
17040
17041
17056
17057
17062
17072
17076
17080
17100
17104
17105
17110
17128
17130
17148
17150
17162
17168
17170
17172
17200
17220
17240
17242
17244
17248
17260
17264
17272
17280
17288
17290
17294
17296
17300
17302
17320
17330
17340
17355
17356
17360
17369
17376
17384
17400
17410
17420
17440
17452
17462
17466
17474
17475
17485
17500
17505
17520
17528
17556
17568
17575
17584
17600
17604
17607
17608
17610
17640
17650
17655
17682
17700
17709
17734
17760
17765
17774
17775
17776
17778
17786
17790
17805
17809
17810
17860
17864
17872
17880
17896
17928
17938
17950
17952
17960
17965
17968
17973
18000
18010
18040
18045
18064
18106
18120
18128
18132
18135
18136
18140
18158
18164
18180
18182
18188
18198
18200
18208
18216
18228
18250
18260
18264
18268
18270
18274
18275
18290
18296
18304
18330
18366
18377
18388
18391
18395
18400
18414
18426
18436
18472
18485
18487
18500
18502
18504
18512
18524
18528
18538
18560
18572
18580
18614
18620
18624
18679
18688
18698
18705
18720
18725
18733
18750
18752
18758
18776
18780
18784
18788
18796
18800
18812
18818
18820
18856
18876
18880
18900
18903
18905
18914
18944
18950
18975
18976
18980
18990
18995
19000
19006
19008
19020
19023
19046
19050
19053
19062
19068
19080
19087
19098
19108
19112
19125
19131
19140
19144
19150
19160
19176
19196
19200
19204
19224
19230
19232
19236
19264
19272
19280
19282
19288
19289
19300
19308
19310
19320
19328
19344
19352
19354
19360
19365
19384
19390
19396
19428
19440
19450
19460
19464
19472
19480
19483
19491
19492
19500
19518
19520
19536
19540
19548
19550
19560
19564
19575
19584
19594
19595
19600
19624
19640
19641
19650
19662
19665
19674
19680
19684
19700
19720
19730
19741
19750
19752
19758
19760
19764
19768
19774
19778
19784
19792
19800
19812
19824
19825
19832
19840
19847
19850
19865
19866
19868
19878
19880
19900
19904
19910
19928
19930
19940
19944
19960
19968
19986
20000
20017
20020
20022
20024
20032
20040
20064
20065
20068
20080
20104
20107
20112
20120
20130
20140
20142
20175
20180
20182
20190
20192
20206
20210
20214
20220
20225
20232
20236
20240
20242
20246
20250
20280
20285
20292
20304
20310
20328
20330
20336
20352
20369
20375
20378
20381
20384
20400
20412
20420
20439
20442
20450
20456
20462
20480
20500
20520
20535
20544
20560
20564
20576
20580
20584
20605
20608
20610
20620
20630
20632
20640
20642
20646
20660
20664
20676
20693
20704
20720
20736
20740
20750
20752
20760
20774
20785
20790
20800
20805
20806
20812
20816
20832
20836
20840
20872
20875
20880
20897
20904
20910
20912
20918
20920
20928
20930
20950
20955
20960
20990
21000
21015
21016
21020
21039
21040
21050
21064
21080
21086
21088
21100
21110
21112
21120
21136
21180
21185
21200
21206
21216
21220
21230
21243
21248
21250
21272
21275
21280
21286
21290
21300
21319
21320
21335
21340
21344
21349
21360
21364
21376
21390
21400
21416
21430
21432
21434
21440
21442
21476
21480
21488
21490
21502
21504
21514
21516
21524
21525
21526
21534
21540
21565
21592
21598
21600
21624
21626
21628
21632
21648
21650
21656
21660
21664
21680
21702
21704
21720
21734
21745
21746
21760
21764
21768
21782
21784
21790
21792
21796
21798
21799
21800
21808
21816
21824
21825
21830
21840
21841
21845
21850
21852
21860
21875
21880
21900
21904
21920
21922
21927
21928
21944
21945
21950
21952
21961
21972
21976
21990
21992
22000
22004
22020
22024
22025
22034
22036
22046
22052
22080
22100
22140
22144
22145
22159
22160
22172
22179
22190
22192
22198
22200
22204
22208
22210
22234
22240
22250
22258
22276
22280
22300
22304
22328
22330
22336
22350
22375
22380
22382
22400
22408
22412
22432
22448
22450
22452
22456
22458
22464
22465
22468
22470
22480
22496
22500
22510
22520
22543
22548
22554
22556
22560
22576
22589
22592
22593
22600
22624
22640
22650
22665
22670
22676
22684
22688
22715
22716
22728
22743
22752
22760
22770
22792
22798
22800
22804
22812
22826
22844
22850
22858
22860
22864
22865
22868
22876
22924
22935
22936
22953
22955
22960
22964
22965
22976
22980
22984
22992
23008
23016
23040
23050
23055
23060
23090
23094
23100
23108
23111
23118
23119
23128
23150
23152
23184
23196
23199
23200
23210
23214
23220
23240
23250
23264
23268
23273
23275
23280
23297
23330
23352
23360
23376
23400
23406
23408
23415
23432
23440
23450
23460
23464
23480
23500
23514
23560
23580
23584
23596
23600
23605
23630
23634
23648
23655
23660
23662
23664
23671
23688
23690
23696
23700
23708
23720
23730
23736
23740
23752
23755
23756
23764
23770
23780
23786
23795
23800
23801
23802
23810
23820
23828
23830
23835
23844
23848
23864
23874
23878
23884
23888
23900
23919
23920
23922
23924
23930
23945
23974
23976
23980
23990
24000
24012
24024
24032
24050
24064
24080
24084
24086
24093
24094
24100
24120
24136
24146
24149
24154
24160
24165
24166
24180
24188
24192
24195
24196
24199
24200
24205
24218
24224
24230
24232
24240
24244
24248
24250
24254
24270
24274
24280
24304
24311
24312
24332
24336
24340
24368
24370
24384
24400
24402
24411
24430
24435
24440
24443
24450
24464
24468
24470
24475
24480
24488
24490
24493
24500
24510
24524
24525
24530
24544
24568
24582
24585
24600
24605
24608
24616
24620
24642
24645
24671
24672
24675
24690
24692
24693
24700
24704
24716
24720
24735
24740
24742
24750
24752
24760
24775
24784
24800
24803
24814
24815
24820
24827
24848
24850
24852
24870
24880
24890
24900
24910
24924
24925
24948
24950
24952
24960
24966
24990
25000
25005
25020
25022
25030
25040
25045
25050
25056
25100
25104
25108
25120
25136
25138
25152
25168
25180
25182
25200
25220
25222
25236
25248
25250
25280
25281
25285
25296
25300
25304
25306
25320
25330
25340
25344
25352
25360
25382
25389
25392
25396
25400
25416
25418
25421
25440
25455
25460
25476
25500
25502
25504
25511
25525
25528
25536
25544
25546
25550
25552
25556
25560
25580
25592
25600
25616
25632
25648
25662
25664
25667
25680
25692
25694
25700
25710
25728
25740
25760
25763
25770
25776
25780
25800
25818
25832
25852
25856
25868
25876
25880
25900
25915
25920
25950
25956
25965
25968
25970
25972
25975
25992
26028
26040
26048
26052
26060
26064
26070
26072
26102
26108
26125
26130
26135
26142
26176
26180
26188
26194
26200
26205
26210
26215
26220
26226
26273
26274
26280
26300
26304
26306
26310
26312
26316
26332
26337
26360
26372
26375
26378
26392
26400
26416
26424
26448
26450
26453
26470
26476
26480
26490
26497
26500
26504
26512
26516
26528
26544
26545
26552
26563
26564
26570
26580
26584
26618
26621
26624
26636
26640
26645
26650
26660
26662
26664
26680
26690
26720
26725
26736
26740
26748
26750
26764
26771
26788
26790
26792
26800
26805
26816
26840
26843
26848
26855
26870
26874
26875
26880
26884
26908
26924
26936
26944
26948
26960
26979
26980
26993
27000
27010
27012
27016
27022
27025
27030
27034
27037
27040
27060
27061
27072
27080
27084
27100
27116
27120
27122
27128
27131
27136
27152
27155
27156
27159
27160
27168
27172
27196
27200
27205
27208
27215
27216
27220
27235
27260
27285
27290
27297
27320
27324
27328
27344
27352
27360
27374
27376
27378
27380
27384
27389
27390
27392
27400
27412
27416
27424
27426
27434
27436
27440
27445
27488
27496
27500
27522
27528
27540
27550
27566
27576
27592
27600
27628
27650
27678
27680
27696
27700
27708
27710
27720
27728
27734
27740
27744
27760
27762
27763
27768
27780
27800
27810
27817
27856
27872
27880
27888
27892
27900
27904
27906
27930
27950
27952
27960
27968
27973
27980
27985
28000
28012
28020
28024
28040
28054
28056
28064
28070
28072
28080
28090
28096
28100
28112
28120
28138
28156
28160
28163
28172
28212
28218
28225
28232
28234
28235
28240
28244
28247
28260
28263
28270
28275
28280
28291
28300
28305
28320
28360
28361
28365
28372
28380
28390
28400
28406
28426
28432
28480
28484
28512
28516
28530
28544
28550
28595
28600
28610
28618
28626
28632
28635
28636
28656
28675
28680
28690
28695
28708
28714
28720
28725
28736
28750
28758
28764
28770
28776
28780
28788
28790
28796
28800
28820
28829
28830
28849
28864
28880
28895
28896
28900
28910
28912
28919
28920
28924
28928
28930
28936
28942
28959
28960
28968
28992
29000
29008
29010
29016
29052
29056
29060
29080
29104
29110
29112
29125
29126
29129
29148
29155
29160
29173
29176
29180
29184
29185
29191
29198
29200
29216
29225
29240
29250
29280
29284
29300
29312
29320
29358
29368
29422
29424
29440
29444
29445
29460
29464
29472
29480
29488
29528
29530
29544
29550
29556
29558
29560
29568
29569
29570
29572
29593
29600
29602
29611
29614
29622
29624
29630
29640
29656
29664
29670
29692
29696
29720
29728
29736
29740
29744
29748
29750
29760
29765
29784
29804
29808
29820
29824
29833
29841
29856
29880
29890
29896
29906
29920
29940
29964
29976
29980
29984
29985
29988
29992
30000
30008
30010
30016
30020
30025
30040
30048
30056
30064
30065
30068
30096
30100
30112
30113
30132
30136
30144
30164
30184
30196
30198
30200
30213
30230
30240
30242
30250
30251
30252
30260
30275
30276
30280
30295
30296
30300
30304
30312
30316
30325
30336
30341
30368
30370
30375
30390
30392
30398
30400
30408
30414
30420
30430
30444
30450
30453
30464
30481
30484
30488
30490
30496
30500
30508
30510
30516
30520
30521
30528
30534
30568
30579
30580
30600
30602
30605
30620
30625
30640
30660
30671
30675
30676
30688
30702
30704
30719
30724
30730
30736
30752
30754
30762
30768
30774
30784
30793
30794
30796
30800
30804
30808
30810
30817
30826
30840
30850
30880
30884
30900
30904
30920
30928
30958
30960
30972
30980
30988
31000
31008
31024
31030
31034
31040
31048
31050
31052
31056
31072
31080
31082
31104
31108
31110
31116
31130
31184
31186
31200
31202
31224
31232
31250
31252
31256
31264
31278
31288
31300
31316
31321
31340
31344
31348
31350
31353
31354
31356
31360
31378
31384
31392
31400
31406
31417
31424
31436
31440
31456
31457
31470
31472
31474
31480
31482
31485
31520
31536
31540
31548
31568
31572
31576
31582
31598
31600
31614
31618
31622
31624
31628
31630
31632
31634
31640
31644
31648
31679
31680
31681
31688
31704
31706
31728
31736
31744
31748
31750
31760
31766
31771
31778
31800
31808
31820
31828
31834
31844
31855
31862
31872
31880
31914
31918
31920
31924
31940
31944
31948
31952
31970
31980
31984
31985
32000
32020
32021
32028
32040
32060
32064
32080
32096
32114
32120
32128
32130
32140
32145
32160
32166
32188
32190
32202
32210
32220
32228
32230
32240
32250
32272
32280
32285
32288
32290
32300
32304
32306
32315
32316
32324
32326
32352
32360
32370
32372
32376
32384
32393
32396
32408
32414
32426
32432
32436
32440
32448
32469
32480
32492
32500
32510
32520
32528
32530
32536
32540
32544
32546
32553
32560
32562
32576
32577
32584
32585
32604
32626
32630
32634
32640
32650
32660
32664
32675
32676
32680
32700
32710
32720
32730
32754
32760
32768
32770
32775
32776
32786
32792
32794
32800
32805
32811
32835
32840
32848
32858
32868
32875
32878
32880
32889
32890
32892
32896
32900
32904
32917
32921
32936
32948
32949
32950
32960
32968
32988
32992
33000
33021
33030
33040
33060
33072
33080
33100
33102
33105
33116
33120
33128
33133
33150
33163
33170
33174
33180
33184
33190
33192
33194
33195
33200
33204
33216
33220
33230
33240
33241
33250
33260
33271
33272
33280
33290
33292
33300
33310
33312
33316
33320
33326
33354
33360
33364
33370
33381
33400
33423
33430
33440
33448
33450
33452
33454
33470
33478
33483
33490
33500
33520
33535
33544
33564
33567
33590
33598
33610
33625
33630
33640
33655
33660
33666
33680
33696
33700
33728
33730
33744
33750
33760
33776
33780
33791
33792
33816
33820
33821
33824
33825
33832
33840
33848
33856
33860
33875
33900
33902
33918
33924
33926
33928
33940
33950
33952
33962
33996
34000
34014
34020
34034
34050
34056
34060
34080
34091
34100
34110
34126
34139
34140
34144
34148
34150
34152
34155
34193
34197
34200
34208
34225
34235
34236
34238
34240
34248
34250
34264
34296
34304
34308
34312
34320
34322
34324
34335
34338
34340
34344
34358
34360
34368
34370
34374
34375
34376
34388
34390
34395
34400
34428
34430
34440
34464
34480
34496
34506
34520
34522
34528
34550
34552
34560
34588
34592
34600
34610
34616
34640
34655
34680
34684
34696
34714
34716
34724
34728
34730
34736
34742
34752
34760
34768
34775
34776
34784
34792
34798
34800
34801
34805
34818
34826
34830
34840
34844
34851
34852
34859
34863
34864
34872
34874
34876
34877
34880
34882
34896
34900
34912
34920
34942
34960
34976
35000
35018
35030
35036
35040
35044
35072
35088
35100
35112
35118
35120
35130
35144
35164
35180
35190
35193
35197
35200
35216
35238
35250
35264
35292
35300
35302
35312
35320
35330
35352
35358
35360
35363
35366
35368
35374
35380
35400
35408
35419
35420
35425
35426
35440
35441
35462
35504
35512
35518
35519
35520
35524
35525
35540
35550
35572
35576
35590
35595
35620
35625
35640
35645
35648
35650
35659
35660
35670
35701
35720
35722
35740
35742
35746
35750
35760
35775
35776
35800
35810
35818
35830
35832
35834
35837
35840
35850
35856
35870
35872
35875
35880
35888
35910
35916
35934
35941
35942
35960
35968
35970
35976
35980
36000
36008
36024
36035
36050
36054
36055
36072
36084
36095
36109
36110
36116
36120
36122
36125
36130
36132
36135
36138
36152
36160
36172
36174
36175
36180
36200
36217
36224
36238
36250
36256
36260
36280
36282
36290
36300
36318
36320
36326
36334
36368
36384
36390
36396
36399
36400
36410
36418
36428
36448
36460
36476
36478
36500
36518
36520
36524
36536
36540
36544
36552
36560
36580
36586
36596
36600
36615
36630
36635
36640
36650
36651
36656
36665
36670
36672
36676
36680
36688
36720
36722
36724
36738
36750
36764
36769
36788
36800
36808
36810
36842
36845
36848
36850
36851
36853
36854
36875
36876
36890
36910
36919
36950
36963
36964
36975
36976
36980
36984
36992
36999
37000
37040
37048
37056
37060
37100
37110
37120
37132
37133
37137
37140
37169
37170
37180
37190
37198
37200
37206
37216
37270
37280
37286
37290
37296
37300
37312
37325
37328
37342
37344
37350
37352
37360
37380
37383
37392
37400
37410
37420
37422
37425
37441
37472
37474
37488
37500
37504
37510
37520
37524
37536
37540
37550
37564
37568
37573
37590
37600
37616
37619
37621
37635
37637
37640
37652
37655
37656
37660
37664
37665
37670
37672
37676
37684
37690
37694
37696
37708
37728
37740
37744
37750
37755
37760
37778
37800
37810
37820
37825
37832
37838
37840
37860
37875
37880
37900
37904
37910
37920
37928
37944
37952
37980
38000
38008
38020
38030
38032
38048
38050
38070
38076
38080
38085
38096
38100
38120
38122
38130
38132
38136
38152
38160
38165
38170
38176
38180
38188
38195
38200
38204
38205
38208
38220
38250
38260
38264
38272
38296
38320
38322
38324
38336
38352
38360
38373
38392
38400
38408
38420
38425
38430
38432
38440
38452
38454
38464
38490
38496
38500
38504
38520
38536
38554
38564
38568
38573
38575
38576
38584
38588
38592
38625
38643
38656
38661
38665
38670
38672
38675
38680
38681
38682
38684
38688
38696
38710
38718
38728
38730
38740
38750
38752
38756
38758
38760
38766
38785
38792
38798
38800
38806
38830
38838
38848
38850
38864
38880
38884
38891
38900
38908
38920
38930
38931
38940
38944
38948
38951
38960
38996
39000
39020
39048
39049
39054
39064
39072
39095
39100
39104
39116
39120
39140
39148
39150
39156
39160
39162
39168
39193
39200
39210
39232
39240
39250
39264
39296
39301
39316
39328
39344
39356
39360
39364
39380
39400
39406
39424
39436
39440
39444
39455
39456
39464
39465
39480
39488
39490
39496
39500
39504
39516
39540
39550
39552
39555
39556
39560
39568
39584
39586
39590
39600
39610
39616
39625
39626
39630
39634
39639
39640
39660
39670
39672
39680
39696
39700
39710
39712
39715
39725
39744
39750
39752
39758
39760
39765
39776
39784
39790
39808
39810
39812
39830
39876
39880
39888
39908
39920
39928
39952
39960
39968
39970
40000
40024
40030
40040
40060
40062
40064
40092
40100
40106
40120
40124
40128
40140
40192
40200
40212
40220
40222
40224
40227
40240
40245
40256
40260
40268
40276
40280
40300
40320
40325
40330
40352
40360
40370
40390
40400
40410
40416
40420
40448
40449
40460
40468
40472
40475
40480
40484
40488
40500
40502
40508
40512
40516
40520
40528
40536
40568
40586
40590
40592
40600
40606
40608
40610
40640
40660
40664
40668
40672
40700
40702
40704
40710
40714
40720
40736
40750
40760
40765
40768
40770
40775
40786
40788
40790
40795
40800
40818
40832
40840
40847
40860
40866
40870
40875
40880
40882
40897
40900
40902
40912
40920
40922
40930
40936
40944
40960
40980
40985
40996
41000
41015
41018
41030
41040
41064
41066
41068
41091
41120
41126
41132
41150
41152
41164
41165
41168
41176
41178
41182
41184
41220
41230
41236
41248
41250
41280
41283
41288
41292
41300
41302
41305
41306
41320
41328
41340
41347
41350
41360
41364
41365
41370
41375
41400
41408
41420
41424
41440
41460
41465
41466
41472
41476
41500
41504
41508
41512
41516
41520
41522
41534
41536
41552
41556
41568
41576
41596
41600
41610
41614
41638
41650
41676
41690
41700
41712
41716
41722
41725
41730
41740
41750
41760
41770
41780
41781
41800
41805
41808
41818
41826
41840
41850
41856
41872
41875
41884
41888
41896
41925
41936
41940
41944
41950
41960
41984
41990
41996
42000
42010
42016
42032
42035
42038
42040
42044
42050
42056
42060
42064
42076
42096
42105
42110
42120
42121
42144
42152
42160
42170
42176
42184
42185
42192
42200
42205
42208
42222
42240
42250
42260
42268
42275
42284
42288
42300
42308
42320
42330
42350
42352
42368
42380
42388
42400
42408
42414
42416
42420
42428
42448
42453
42460
42464
42480
42488
42490
42514
42525
42530
42535
42540
42545
42550
42552
42560
42584
42600
42608
42612
42616
42624
42626
42630
42632
42639
42640
42650
42656
42678
42680
42688
42700
42705
42720
42730
42747
42748
42750
42757
42777
42780
42786
42810
42832
42838
42840
42850
42880
42883
42896
42900
42902
42908
42920
42930
42932
42948
42950
42960
42976
43000
43010
43020
43024
43025
43030
43040
43044
43072
43076
43077
43080
43086
43104
43110
43125
43144
43150
43154
43155
43174
43194
43198
43200
43216
43225
43226
43232
43240
43244
43256
43264
43280
43288
43300
43305
43321
43328
43336
43338
43340
43344
43360
43369
43375
43376
43398
43402
43404
43416
43428
43429
43430
43438
43440
43448
43450
43452
43480
43484
43488
43510
43520
43522
43524
43530
43539
43542
43550
43560
43578
43580
43584
43586
43600
43613
43630
43648
43664
43668
43678
43680
43700
43712
43720
43728
43744
43748
43750
43751
43752
43780
43784
43785
43800
43802
43804
43810
43820
43828
43836
43840
43872
43880
43904
43916
43930
43932
43936
43948
43950
43960
43968
43976
43990
44000
44003
44016
44020
44023
44025
44048
44050
44052
44064
44076
44080
44084
44092
44096
44098
44104
44105
44120
44132
44136
44140
44150
44152
44158
44160
44182
44190
44200
44216
44218
44240
44261
44292
44300
44310
44320
44332
44340
44351
44352
44360
44375
44384
44386
44400
44404
44416
44424
44425
44427
44441
44445
44468
44470
44500
44512
44536
44540
44544
44550
44560
44578
44580
44588
44597
44600
44602
44608
44620
44622
44636
44650
44660
44679
44700
44710
44720
44722
44726
44736
44744
44748
44750
44752
44760
44770
44772
44775
44780
44784
44804
44810
44812
44825
44828
44832
44840
44860
44864
44880
44883
44893
44904
44912
44930
44950
44952
44970
45000
45024
45040
45078
45084
45087
45088
45100
45120
45121
45142
45148
45150
45156
45162
45164
45165
45173
45220
45230
45240
45242
45245
45248
45250
45256
45270
45276
45280
45300
45314
45328
45340
45344
45352
45356
45376
45384
45390
45395
45400
45404
45408
45412
45414
45416
45426
45436
45440
45446
45458
45466
45468
45477
45500
45528
45530
45536
45559
45560
45620
45625
45632
45641
45660
45664
45677
45680
45685
45700
45704
45705
45708
45712
45720
45740
45751
45753
45760
45780
45785
45804
45814
45824
45832
45840
45844
45858
45862
45870
45873
45885
45888
45892
45894
45896
45900
45910
45916
45920
45931
45960
45975
45980
45990
45995
45996
46000
46008
46016
46025
46030
46034
46036
46052
46080
46082
46096
46100
46104
46125
46136
46140
46168
46180
46192
46195
46200
46208
46216
46220
46240
46244
46250
46252
46256
46260
46270
46282
46292
46294
46296
46300
46308
46317
46320
46321
46336
46340
46350
46355
46356
46360
46368
46378
46384
46391
46400
46408
46425
46440
46444
46450
46454
46475
46480
46500
46512
46528
46544
46560
46568
46576
46592
46594
46600
46604
46608
46624
46632
46635
46640
46646
46647
46650
46655
46660
46670
46675
46680
46688
46700
46702
46704
46706
46715
46720
46728
46731
46736
46744
46745
46750
46776
46778
46782
46790
46796
46800
46808
46812
46820
46848
46855
46864
46880
46897
46912
46920
46925
46944
46945
46972
46976
46992
47000
47008
47014
47016
47025
47038
47040
47044
47050
47056
47065
47080
47088
47090
47100
47104
47116
47120
47124
47140
47148
47150
47160
47164
47180
47196
47200
47210
47212
47220
47228
47232
47240
47250
47252
47260
47264
47266
47272
47292
47304
47309
47312
47323
47330
47331
47340
47348
47352
47360
47372
47392
47396
47398
47400
47408
47410
47416
47420
47455
47456
47460
47464
47479
47484
47494
47500
47504
47510
47520
47524
47536
47550
47552
47560
47561
47570
47572
47576
47580
47584
47600
47606
47613
47616
47632
47638
47680
47682
47685
47688
47690
47692
47700
47725
47744
47756
47760
47772
47776
47780
47792
47800
47801
47808
47824
47839
47840
47854
47870
47871
47872
47904
47917
47920
47921
47924
47949
47956
47972
47976
47984
48000
48018
48020
48032
48080
48088
48095
48100
48106
48107
48118
48140
48150
48172
48180
48183
48190
48196
48200
48217
48225
48242
48248
48252
48256
48275
48280
48288
48300
48302
48312
48316
48320
48322
48368
48380
48384
48390
48400
48405
48416
48448
48460
48470
48472
48500
48524
48528
48532
48540
48546
48552
48560
48568
48575
48576
48585
48592
48630
48640
48648
48656
48658
48664
48670
48672
48680
48700
48712
48715
48728
48736
48750
48752
48768
48780
48784
48788
48800
48810
48820
48824
48840
48844
48856
48868
48870
48880
48884
48896
48914
48928
48936
48945
48950
48955
48960
48971
48975
48980
48984
48992
49000
49012
49016
49020
49024
49030
49035
49044
49050
49055
49056
49060
49064
49070
49080
49088
49090
49094
49096
49098
49100
49103
49112
49120
49136
49150
49152
49156
49168
49184
49200
49216
49220
49240
49250
49252
49266
49268
49280
49288
49298
49300
49312
49320
49336
49340
49344
49348
49358
49360
49380
49400
49408
49420
49426
49430
49432
49435
49440
49458
49460
49468
49476
49494
49500
49512
49520
49568
49586
49592
49598
49600
49608
49620
49624
49630
49650
49678
49680
49688
49700
49704
49715
49720
49740
49750
49760
49780
49784
49792
49800
49820
49825
49840
49856
49864
49868
49870
49876
49880
49896
49900
49909
49916
49925
49936
49940
49960
49982
50000
50032
50040
50046
50048
50056
50063
50064
50072
50080
50100
50107
50120
50130
50134
50136
50140
50164
50170
50190
50200
50207
50245
50250
50260
50272
50274
50280
50290
50292
50296
50298
50300
50310
50320
50332
50348
50364
50368
50384
50386
50400
50420
50430
50440
50441
50444
50460
50464
50468
50480
50488
50489
50496
50500
50502
50515
50520
50522
50524
50529
50530
50532
50536
50540
50560
50568
50600
50630
50640
50644
50664
50666
50672
50674
50688
50690
50694
50700
50708
50727
50736
50740
50748
50752
50760
50788
50790
50792
50794
50800
50816
50832
50836
50838
50848
50856
50860
50864
50870
50880
50882
50900
50912
50924
50935
50944
50947
50964
51016
51040
51064
51065
51080
51091
51092
51100
51120
51150
51152
51156
51158
51170
51176
51178
51184
51195
51200
51214
51232
51236
51240
51242
51250
51258
51260
51264
51280
51290
51298
51320
51330
51355
51360
51380
51384
51400
51416
51418
51420
51424
51429
51440
51444
51454
51456
51467
51476
51480
51484
51488
51500
51512
51520
51534
51540
51548
51561
51584
51592
51616
51620
51625
51629
51660
51664
51680
51700
51704
51725
51728
51740
51746
51755
51762
51786
51788
51792
51800
51808
51809
51832
51834
51840
51864
51868
51869
51870
51875
51896
51900
51904
51916
51920
51924
51925
51928
51932
51944
51952
51956
51968
51969
51970
51976
51980
51984
52000
52008
52010
52020
52040
52051
52058
52060
52064
52068
52075
52080
52088
52100
52104
52112
52116
52120
52136
52150
52160
52168
52170
52176
52200
52210
52220
52224
52240
52248
52250
52252
52253
52257
52260
52270
52278
52285
52286
52300
52310
52320
52334
52335
52338
52340
52344
52348
52350
52360
52388
52400
52421
52436
52444
52447
52452
52460
52479
52480
52484
52485
52496
52500
52502
52504
52510
52515
52520
52521
52544
52550
52572
52574
52596
52600
52613
52632
52642
52646
52672
52704
52720
52736
52740
52745
52746
52760
52766
52768
52775
52780
52790
52796
52800
52817
52832
52840
52843
52851
52856
52864
52870
52880
52896
52920
52940
52974
52978
52982
52990
53000
53010
53016
53024
53030
53040
53048
53055
53060
53062
53068
53072
53078
53080
53082
53090
53100
53101
53104
53108
53110
53128
53130
53132
53150
53154
53160
53184
53195
53198
53200
53210
53220
53225
53228
53232
53236
53241
53243
53248
53250
53260
53275
53276
53280
53284
53300
53308
53312
53320
53342
53344
53355
53360
53366
53390
53400
53408
53416
53424
53440
53460
53464
53470
53472
53480
53483
53499
53500
53520
53528
53536
53538
53550
53580
53592
53600
53640
53650
53654
53685
53686
53692
53696
53700
53714
53720
53725
53732
53735
53736
53738
53754
53776
53790
53791
53800
53820
53824
53836
53840
53870
53876
53880
53890
53904
53945
53960
53965
53970
53975
53989
54000
54011
54020
54028
54032
54039
54041
54044
54050
54051
54076
54080
54086
54090
54094
54096
54100
54110
54115
54118
54120
54140
54144
54154
54160
54200
54230
54240
54248
54260
54292
54300
54306
54345
54350
54352
54355
54368
54382
54384
54390
54394
54430
54432
54442
54448
54479
54485
54487
54515
54528
54544
54550
54560
54576
54585
54590
54592
54600
54610
54624
54625
54628
54633
54634
54636
54658
54660
54672
54679
54680
54688
54700
54704
54712
54714
54720
54730
54736
54740
54768
54770
54788
54799
54800
54816
54840
54848
54854
54860
54864
54866
54888
54908
54910
54912
54917
54920
54922
54926
54928
54935
54936
54940
54960
54980
55000
55024
55036
55056
55080
55099
55100
55102
55115
55120
55136
55140
55144
55150
55168
55176
55180
55184
55190
55200
55220
55224
55226
55230
55240
55250
55256
55260
55268
55280
55283
55290
55296
55304
55312
55328
55356
55360
55364
55370
55380
55390
55400
55408
55425
55440
55444
55446
55448
55472
55494
55515
55520
55540
55547
55548
55552
55558
55565
55580
55600
55602
55608
55616
55624
55625
55632
55634
55645
55648
55670
55678
55680
55688
55692
55695
55696
55700
55706
55712
55714
55720
55726
55728
55744
55770
55780
55790
55794
55816
55832
55849
55860
55864
55868
55872
55875
55884
55898
55907
55911
55924
55936
55940
55942
55955
55970
55981
55984
55996
56000
56004
56006
56032
56040
56042
56046
56048
56054
56062
56064
56080
56088
56110
56132
56140
56150
56160
56168
56198
56200
56208
56212
56220
56240
56244
56250
56256
56262
56272
56285
56294
56296
56300
56310
56320
56330
56336
56340
56360
56365
56370
56371
56380
56386
56396
56397
56400
56408
56416
56420
56423
56428
56430
56437
56450
56455
56456
56480
56484
56495
56500
56512
56514
56516
56540
56552
56560
56571
56576
56584
56592
56600
56608
56616
56620
56640
56660
56662
56672
56676
56680
56700
56714
56736
56744
56750
56754
56770
56772
56786
56794
56800
56804
56816
56818
56828
56850
56858
56861
56865
56868
56872
56875
56880
56888
56890
56896
56900
56904
56912
56942
56960
56976
56980
56988
57000
57003
57004
57010
57020
57024
57028
57033
57040
57048
57052
57053
57054
57060
57072
57080
57093
57099
57125
57136
57144
57148
57150
57160
57165
57168
57174
57184
57193
57194
57200
57207
57210
57240
57255
57258
57260
57266
57270
57280
57290
57294
57304
57308
57312
57315
57320
57325
57344
57360
57375
57380
57382
57388
57390
57400
57402
57410
57420
57430
57440
57462
57464
57470
57472
57474
57480
57484
57486
57488
57489
57490
57499
57502
57504
57508
57510
57522
57528
57533
57535
57536
57538
57540
57550
57552
57555
57560
57572
57584
57590
57600
57624
57625
57628
57632
57634
57640
57648
57656
57666
57672
57688
57690
57695
57705
57706
57720
57724
57728
57739
57745
57750
57752
57776
57778
57790
57800
57820
57840
57844
57857
57874
57882
57920
57923
57926
57930
57960
57972
57974
57980
57981
58000
58005
58010
58015
58047
58050
58056
58080
58100
58104
58120
58144
58149
58150
58160
58176
58190
58194
58195
58196
58200
58203
58222
58232
58239
58240
58256
58272
58280
58286
58290
58293
58294
58300
58304
58305
58330
58336
58344
58350
58356
58368
58400
58420
58440
58456
58460
58463
58479
58488
58500
58512
58524
58540
58550
58554
58556
58560
58564
58580
58588
58600
58604
58619
58622
58634
58640
58652
58656
58672
58692
58700
58704
58712
58716
58720
58750
58756
58760
58762
58790
58800
58816
58820
58844
58846
58848
58852
58864
58865
58875
58880
58896
58900
58920
58932
58950
58964
58976
58980
59000
59003
59006
59008
59010
59020
59026
59040
59072
59094
59095
59108
59111
59120
59126
59128
59136
59150
59152
59160
59176
59184
59200
59204
59216
59226
59237
59250
59255
59256
59264
59280
59290
59296
59316
59328
59336
59340
59360
59368
59370
59375
59384
59392
59394
59424
59440
59445
59448
59450
59473
59482
59496
59500
59513
59520
59525
59550
59567
59575
59594
59596
59600
59616
59635
59640
59642
59664
59670
59678
59680
59684
59696
59712
59718
59720
59750
59760
59770
59776
59780
59820
59834
59840
59850
59855
59856
59864
59872
59904
59918
59944
59950
59952
59954
59956
59964
59968
59970
59984
60000
60004
60012
60018
60020
60032
60034
60036
60042
60050
60055
60060
60062
60076
60086
60094
60096
60100
60105
60106
60108
60110
60112
60120
60128
60135
60136
60148
60152
60160
60188
60200
60208
60224
60256
60260
60262
60264
60280
60286
60288
60290
60344
60348
60350
60352
60355
60358
60376
60378
60396
60412
60416
60425
60430
60460
60477
60480
60496
60512
60516
60520
60525
60534
60535
60550
60560
60565
60576
60584
60590
60592
60604
60621
60624
60635
60640
60696
60720
60730
60735
60736
60740
60746
60748
60750
60751
60760
60784
60798
60810
60816
60825
60838
60840
60845
60850
60855
60870
60872
60880
60896
60900
60908
60924
60928
60936
60942
60944
60958
60960
60962
60968
60991
61000
61002
61015
61024
61036
61038
61040
61050
61080
61092
61111
61120
61125
61128
61140
61144
61145
61150
61164
61187
61192
61200
61206
61207
61210
61220
61221
61222
61240
61248
61250
61265
61270
61276
61280
61288
61290
61300
61304
61329
61340
61344
61368
61370
61376
61380
61382
61392
61400
61440
61448
61450
61456
61458
61464
61480
61485
61492
61500
61512
61516
61540
61546
61560
61568
61570
61571
61576
61584
61586
61600
61604
61612
61620
61648
61682
61688
61694
61704
61710
61720
61750
61760
61784
61792
61794
61796
61800
61822
61840
61860
61870
61872
61886
61887
61888
61890
61911
61920
61930
61937
61968
61973
61980
62000
62015
62016
62040
62048
62050
62064
62072
62080
62084
62089
62093
62100
62104
62144
62150
62160
62167
62182
62185
62192
62200
62201
62208
62214
62215
62216
62222
62230
62240
62242
62248
62254
62272
62276
62288
62300
62310
62318
62334
62336
62360
62380
62385
62395
62412
62416
62422
62425
62434
62437
62442
62444
62446
62478
62480
62485
62492
62495
62500
62503
62504
62508
62512
62513
62520
62525
62527
62538
62546
62560
62568
62576
62584
62590
62600
62601
62604
62608
62628
62640
62642
62650
62656
62660
62670
62688
62699
62715
62720
62734
62750
62754
62760
62771
62772
62775
62776
62782
62785
62796
62800
62839
62840
62852
62855
62862
62875
62876
62880
62882
62896
62900
62908
62915
62927
62932
62938
62942
62944
62950
62960
62976
62978
62980
62982
63000
63008
63015
63024
63031
63034
63040
63050
63076
63090
63100
63106
63112
63120
63125
63132
63134
63135
63138
63144
63148
63160
63164
63170
63180
63184
63196
63200
63210
63216
63224
63228
63230
63240
63250
63254
63266
63284
63296
63300
63320
63348
63350
63352
63376
63378
63380
63384
63390
63400
63412
63420
63434
63440
63448
63474
63480
63484
63486
63488
63500
63516
63520
63528
63530
63536
63547
63550
63552
63560
63572
63580
63584
63585
63588
63600
63604
63644
63646
63650
63651
63652
63656
63662
63665
63680
63726
63728
63740
63756
63788
63790
63792
63793
63820
63832
63840
63864
63874
63876
63880
63884
63886
63888
63890
63903
63906
63907
63910
63920
63926
63936
63966
63968
63970
64000
64006
64020
64028
64050
64080
64084
64090
64096
64100
64105
64125
64136
64144
64160
64180
64192
64195
64200
64206
64222
64235
64236
64240
64248
64256
64300
64304
64312
64325
64326
64328
64330
64337
64340
64344
64362
64386
64416
64420
64441
64444
64446
64448
64472
64480
64484
64500
64515
64516
64526
64542
64556
64558
64560
64565
64568
64580
64592
64594
64596
64600
64602
64616
64620
64630
64640
64644
64650
64652
64660
64664
64680
64700
64708
64720
64722
64730
64734
64762
64768
64770
64772
64790
64792
64800
64834
64849
64856
64864
64866
64872
64880
64896
64904
64909
64910
64912
64920
64925
64934
64944
64954
64960
64970
65000
65015
65020
65024
65030
65040
65046
65056
65064
65070
65072
65073
65080
65091
65092
65104
65106
65129
65130
65134
65140
65149
65150
65165
65168
65188
65200
65204
65212
65216
65260
65264
65268
65277
65280
65286
65290
65304
65310
65312
65320
65344
65348
65352
65369
65376
65380
65391
65410
65420
65432
65433
65440
65449
65460
65462
65500
65504
65540
65560
65568
65570
65586
65588
65620
65625
65636
65653
65656
65700
65707
65710
65720
65728
65744
65745
65750
65759
65800
65814
65820
65824
65832
65840
65844
65856
65864
65865
65878
65884
65889
65896
65909
65912
65920
65940
65950
65967
65974
65976
65984
66000
66024
66036
66070
66080
66100
66112
66114
66120
66126
66127
66152
66160
66168
66175
66180
66192
66204
66220
66228
66236
66240
66246
66250
66280
66296
66300
66304
66310
66312
66350
66355
66356
66366
66368
66370
66381
66383
66400
66408
66425
66440
66444
66456
66458
66480
66481
66490
66498
66514
66520
66528
66540
66552
66560
66576
66580
66584
66588
66590
66596
66600
66630
66632
66644
66674
66676
66680
66683
66696
66700
66720
66728
66736
66740
66750
66766
66784
66800
66806
66820
66830
66840
66860
66868
66869
66880
66904
66920
66940
66960
66970
66976
66980
67000
67012
67019
67020
67024
67025
67028
67040
67050
67064
67068
67070
67076
67086
67116
67120
67142
67152
67160
67168
67174
67180
67184
67186
67188
67194
67224
67240
67245
67250
67260
67269
67279
67280
67284
67300
67305
67324
67330
67335
67336
67338
67340
67352
67360
67364
67366
67370
67375
67383
67432
67440
67455
67456
67460
67466
67468
67472
67476
67490
67500
67510
67512
67520
67532
67544
67575
67576
67580
67600
67616
67620
67632
67636
67640
67645
67646
67650
67656
67670
67680
67684
67700
67712
67720
67724
67740
67760
67774
67794
67800
67805
67820
67824
67826
67833
67840
67858
67860
67864
67868
67876
67880
67906
67907
67910
67916
67920
67930
67936
67944
67945
67952
67955
67958
67960
67980
68000
68016
68018
68024
68032
68040
68048
68064
68065
68080
68090
68095
68100
68104
68126
68128
68140
68152
68155
68160
68192
68196
68200
68204
68224
68236
68240
68249
68250
68256
68260
68264
68284
68300
68305
68310
68316
68320
68344
68345
68350
68360
68376
68384
68392
68394
68396
68400
68406
68420
68464
68466
68480
68484
68488
68493
68500
68514
68522
68528
68530
68538
68540
68544
68548
68560
68572
68574
68576
68590
68600
68608
68616
68618
68624
68632
68640
68656
68666
68675
68676
68680
68708
68710
68712
68716
68720
68729
68750
68755
68776
68780
68795
68800
68808
68812
68816
68820
68830
68836
68848
68860
68864
68880
68885
68888
68896
68900
68904
68932
68948
68951
68960
68968
68971
68977
68984
68990
68994
69000
69024
69040
69042
69050
69054
69060
69072
69084
69088
69120
69125
69140
69144
69160
69162
69176
69184
69192
69196
69200
69210
69220
69234
69240
69244
69299
69300
69316
69320
69340
69373
69385
69396
69400
69412
69418
69425
69428
69436
69440
69446
69454
69456
69460
69476
69480
69500
69504
69506
69509
69520
69530
69536
69540
69543
69562
69588
69593
69594
69625
69631
69632
69648
69653
69660
69666
69668
69675
69720
69730
69738
69742
69760
69776
69790
69792
69800
69810
69815
69820
69823
69826
69832
69864
69872
69880
69892
69896
69900
69904
69920
69936
69944
69950
69952
69990
70000
70004
70016
70018
70048
70062
70075
70076
70078
70080
70105
70120
70128
70150
70160
70188
70190
70200
70210
70220
70224
70230
70260
70264
70272
70300
70320
70336
70348
70350
70356
70360
70375
70380
70384
70395
70400
70408
70416
70430
70432
70441
70444
70460
70475
70496
70500
70508
70520
70542
70550
70560
70568
70570
70591
70600
70608
70610
70612
70613
70624
70628
70636
70640
70650
70654
70660
70663
70680
70685
70700
70702
70703
70704
70720
70736
70752
70760
70762
70764
70766
70776
70780
70784
70796
70800
70804
70806
70814
70820
70823
70824
70832
70840
70852
70864
70868
70880
70884
70899
70906
70912
70916
70920
70925
70926
70936
70940
70944
70946
70952
70956
70968
70973
70975
70976
70980
70981
70990
70992
70996
71000
71008
71020
71025
71035
71040
71050
71056
71073
71090
71104
71106
71118
71120
71128
71132
71135
71136
71142
71143
71168
71175
71184
71200
71228
71232
71236
71240
71250
71268
71275
71276
71300
71308
71328
71350
71360
71362
71376
71390
71400
71425
71440
71443
71452
71456
71464
71470
71480
71500
71512
71515
71520
71544
71546
71548
71549
71550
71556
71560
71584
71596
71605
71612
71616
71638
71644
71660
71680
71686
71696
71700
71716
71720
71740
71750
71760
71764
71766
71800
71808
71810
71820
71832
71840
71872
71874
71905
71910
71920
71930
71940
71950
71954
71960
71976
71984
71996
72000
72002
72014
72019
72020
72024
72032
72050
72052
72070
72080
72100
72110
72112
72120
72122
72125
72132
72136
72144
72148
72151
72160
72162
72176
72180
72190
72220
72224
72234
72240
72256
72264
72266
72270
72297
72300
72309
72320
72336
72342
72360
72386
72388
72391
72412
72415
72417
72420
72448
72460
72461
72462
72469
72475
72488
72494
72500
72510
72512
72516
72520
72524
72528
72552
72560
72572
72576
72589
72600
72622
72635
72636
72640
72654
72655
72660
72680
72704
72728
72740
72750
72764
72775
72790
72795
72800
72810
72814
72820
72840
72847
72856
72860
72864
72872
72885
72888
72895
72898
72900
72909
72912
72920
72925
72928
72940
72945
72960
72973
72976
72994
72996
73000
73007
73010
73016
73024
73025
73030
73036
73040
73046
73068
73070
73078
73080
73100
73110
73112
73120
73138
73160
73166
73168
73170
73174
73200
73205
73210
73212
73214
73216
73224
73230
73240
73250
73251
73263
73272
73290
73296
73324
73344
73349
73360
73365
73368
73380
73382
73396
73408
73420
73430
73436
73440
73445
73460
73474
73488
73496
73500
73502
73504
73520
73534
73549
73550
73564
73568
73570
73580
73600
73632
73636
73650
73653
73658
73660
73664
73683
73710
73736
73750
73757
73760
73766
73768
73772
73774
73792
73800
73815
73816
73828
73850
73870
73880
73885
73888
73890
73900
73904
73912
73920
73925
73933
73936
73939
73940
73943
73944
73948
73950
73955
73961
73962
73980
74000
74014
74020
74048
74054
74055
74056
74060
74078
74080
74084
74100
74112
74116
74120
74121
74128
74140
74152
74160
74176
74184
74200
74212
74220
74228
74250
74252
74255
74275
74292
74294
74304
74335
74344
74352
74362
74371
74375
74380
74385
74388
74400
74408
74412
74416
74425
74435
74440
74449
74450
74454
74460
74500
74512
74520
74528
74539
74555
74556
74560
74577
74584
74620
74624
74632
74660
74670
74680
74688
74728
74748
74752
74760
74772
74775
74780
74790
74792
74812
74816
74835
74848
74850
74870
74880
74888
74890
74900
74924
74925
74940
74944
74950
74951
74960
74970
74982
75000
75008
75024
75040
75046
75048
75050
75064
75070
75072
75081
75082
75100
75108
75111
75114
75136
75140
75166
75168
75184
75200
75222
75240
75250
75260
75280
75296
75300
75312
75328
75336
75348
75360
75392
75399
75400
75410
75414
75418
75424
75435
75436
75437
75456
75472
75480
75496
75500
75504
75512
75528
75535
75548
75560
75600
75609
75616
75618
75624
75630
75656
75680
75696
75700
75720
75748
75760
75776
75793
75816
75824
75830
75832
75840
75845
75850
75860
75865
75870
75880
75888
75890
75892
75904
75910
75920
75936
75940
75950
75971
75975
75980
75986
75990
75998
76000
76018
76022
76032
76040
76044
76048
76055
76060
76062
76070
76084
76090
76096
76100
76108
76112
76120
76128
76132
76142
76150
76160
76167
76175
76189
76192
76200
76204
76220
76224
76225
76232
76240
76242
76248
76250
76254
76256
76268
76272
76273
76275
76280
76292
76293
76320
76328
76348
76352
76385
76398
76448
76450
76458
76470
76475
76480
76488
76504
76512
76515
76520
76544
76554
76560
76584
76600
76608
76624
76630
76640
76650
76655
76656
76660
76670
76680
76692
76696
76700
76708
76710
76730
76750
76752
76760
76785
76790
76796
76800
76804
76815
76820
76824
76834
76840
76860
76864
76870
76876
76880
76890
76902
76910
76915
76925
76936
76974
76975
76976
76977
76996
77004
77006
77024
77032
77045
77048
77053
77060
77077
77088
77104
77120
77129
77140
77152
77157
77160
77175
77200
77236
77244
77248
77250
77264
77268
77278
77280
77284
77294
77300
77310
77312
77325
77338
77344
77350
77352
77360
77368
77380
77384
77386
77390
77392
77400
77408
77428
77432
77440
77446
77456
77462
77480
77488
77499
77500
77516
77525
77536
77540
77544
77547
77552
77560
77568
77570
77575
77576
77600
77629
77645
77648
77656
77660
77662
77674
77680
77686
77700
77728
77735
77744
77760
77769
77780
77792
77800
77802
77804
77806
77820
77822
77830
77835
77840
77848
77872
77879
77880
77888
77900
77920
77952
77960
77965
77966
77972
77976
77980
77984
77988
77990
77994
77996
78000
78010
78016
78048
78054
78060
78076
78081
78082
78096
78115
78130
78136
78144
78160
78188
78192
78208
78210
78232
78238
78240
78246
78255
78261
78296
78304
78320
78336
78340
78356
78360
78370
78376
78400
78409
78410
78430
78448
78460
78464
78483
78490
78500
78512
78540
78548
78552
78556
78580
78589
78592
78600
78608
78614
78624
78640
78650
78656
78660
78672
78680
78688
78700
78702
78710
78725
78750
78764
78768
78790
78795
78800
78802
78830
78844
78878
78880
78888
78898
78900
78908
78910
78913
78918
78936
78940
78944
78952
78970
78980
78996
79000
79010
79014
79016
79028
79048
79060
79062
79064
79076
79080
79092
79094
79096
79098
79100
79104
79114
79120
79130
79136
79160
79220
79228
79230
79231
79232
79233
79254
79262
79264
79277
79285
79288
79292
79296
79300
79311
79312
79324
79328
79344
79360
79368
79376
79379
79384
79392
79394
79395
79400
79410
79418
79419
79420
79428
79434
79440
79444
79450
79455
79456
79460
79476
79488
79500
79505
79506
79512
79520
79525
79544
79545
79552
79554
79560
79564
79570
79600
79602
79625
79630
79640
79656
79669
79670
79675
79680
79684
79691
79692
79700
79704
79712
79720
79738
79740
79742
79744
79750
79752
79760
79762
79777
79778
79800
79824
79828
79836
79848
79867
79872
79900
79903
79904
79912
79918
79920
79950
79975
80000
80004
80035
80036
80039
80040
80048
80056
80064
80088
80096
80104
80112
80114
80120
80126
80128
80142
80150
80152
80160
80198
80205
80210
80211
80236
80240
80252
80256
80288
80292
80300
80310
80320
80336
80338
80352
80358
80370
80372
80380
80384
80400
80405
80414
80417
80420
80425
80448
80450
80457
80470
80480
80484
80497
80498
80504
80506
80512
80515
80524
80530
80532
80552
80564
80568
80596
80600
80625
80628
80632
80640
80648
80650
80656
80680
80700
80714
80715
80716
80720
80723
80724
80728
80736
80744
80750
80760
80765
80773
80800
80820
80832
80836
80844
80845
80860
80864
80865
80870
80878
80880
80886
80904
80908
80910
80928
80944
80948
80952
80963
80964
80968
80980
80984
81000
81016
81030
81040
81044
81065
81072
81076
81084
81096
81099
81104
81132
81140
81150
81152
81180
81184
81195
81198
81200
81205
81216
81232
81236
81239
81240
81250
81256
81272
81284
81288
81297
81300
81306
81310
81316
81322
81323
81328
81340
81344
81352
81360
81376
81380
81410
81411
81420
81440
81448
81452
81464
81500
81512
81520
81552
81572
81585
81596
81600
81620
81634
81640
81641
81650
81680
81714
81736
81744
81750
81760
81798
81800
81808
81812
81824
81840
81860
81864
81865
81875
81888
81900
81910
81920
81925
81940
81994
82000
82004
82016
82032
82046
82054
82096
82100
82124
82140
82162
82170
82173
82192
82200
82201
82205
82208
82210
82216
82219
82220
82240
82248
82258
82275
82276
82277
82300
82304
82315
82320
82322
82328
82336
82340
82344
82350
82370
82376
82384
82400
82414
82420
82422
82440
82450
82452
82460
82462
82470
82476
82480
82485
82496
82500
82504
82514
82542
82543
82544
82560
82572
82580
82600
82618
82620
82624
82626
82628
82650
82654
82660
82665
82686
82688
82690
82696
82704
82710
82720
82741
82742
82748
82750
82777
82784
82786
82800
82816
82820
82825
82850
82856
82860
82865
82885
82886
82888
82896
82900
82904
82938
82952
82957
82960
82968
82970
82976
83000
83006
83008
83020
83030
83040
83048
83054
83056
83060
83064
83068
83072
83074
83078
83092
83104
83114
83120
83124
83128
83165
83170
83200
83214
83216
83224
83234
83277
83288
83300
83317
83320
83323
83328
83340
83360
83368
83374
83375
83392
83394
83396
83400
83410
83425
83430
83432
83438
83440
83478
83480
83490
83500
83504
83506
83511
83520
83540
83550
83568
83574
83584
83590
83600
83636
83640
83646
83653
83665
83680
83681
83690
83702
83710
83744
83750
83760
83762
83764
83780
83786
83792
83806
83810
83812
83820
83824
83828
83836
83840
83850
83861
83872
83875
83900
83908
83923
83928
83940
83945
83950
83958
83968
83976
84000
84004
84024
84030
84032
84040
84058
84072
84080
84094
84100
84108
84110
84120
84124
84128
84137
84160
84168
84172
84185
84190
84192
84196
84200
84218
84220
84240
84251
84253
84256
84259
84270
84285
84288
84296
84300
84310
84320
84336
84372
84384
84397
84400
84428
84460
84480
84492
84500
84512
84520
84528
84544
84570
84584
84592
84595
84600
84602
84608
84618
84624
84626
84639
84640
84648
84650
84669
84672
84680
84694
84700
84710
84712
84714
84720
84722
84750
84764
84768
84795
84800
84816
84817
84835
84850
84862
84872
84888
84910
84920
84924
84930
84932
84936
84944
84952
84980
84992
84993
85000
85004
85008
85024
85040
85045
85060
85080
85088
85096
85100
85125
85130
85140
85152
85166
85178
85180
85184
85192
85196
85200
85208
85210
85216
85220
85240
85246
85252
85264
85272
85280
85302
85305
85312
85325
85350
85372
85384
85392
85405
85408
85414
85440
85448
85450
85453
85460
85472
85476
85500
85516
85520
85525
85531
85540
85550
85559
85562
85572
85573
85588
85592
85596
85600
85610
85628
85630
85632
85640
85645
85648
85656
85664
85666
85680
85685
85696
85707
85711
85725
85736
85738
85744
85750
85760
85780
85792
85800
85804
85835
85855
85856
85868
85870
85872
85880
85890
85896
85898
85900
85901
85910
85912
85920
85938
85952
85968
85980
85984
85997
86000
86008
86016
86032
86040
86042
86045
86046
86050
86051
86060
86068
86080
86096
86100
86112
86122
86144
86152
86160
86180
86198
86200
86203
86205
86208
86210
86220
86232
86240
86248
86250
86255
86288
86310
86320
86344
86348
86360
86370
86380
86384
86388
86395
86400
86410
86425
86440
86450
86464
86470
86475
86480
86512
86515
86520
86526
86528
86530
86558
86559
86560
86562
86570
86576
86580
86584
86600
86601
86620
86630
86635
86636
86640
86648
86652
86653
86656
86660
86666
86684
86688
86696
86700
86719
86720
86725
86726
86740
86750
86752
86758
86775
86789
86800
86804
86810
86832
86840
86848
86850
86858
86862
86875
86880
86882
86900
86910
86924
86940
86950
86960
86966
86976
86995
86996
87000
87008
87013
87024
87035
87040
87060
87085
87088
87092
87096
87100
87108
87112
87114
87115
87116
87126
87136
87148
87150
87160
87168
87171
87184
87198
87200
87219
87220
87228
87236
87248
87250
87256
87260
87268
87274
87280
87288
87300
87304
87305
87320
87324
87336
87344
87356
87360
87365
87375
87400
87408
87412
87416
87440
87442
87472
87484
87489
87490
87500
87504
87520
87560
87572
87576
87580
87584
87596
87600
87625
87640
87648
87668
87676
87680
87688
87698
87709
87712
87720
87724
87725
87744
87748
87768
87770
87780
87808
87809
87818
87862
87868
87885
87904
87905
87908
87914
87923
87930
87936
87956
87960
87984
87996
88000
88010
88016
88020
88028
88032
88037
88040
88062
88064
88080
88100
88105
88110
88112
88122
88150
88160
88175
88176
88180
88200
88208
88216
88220
88224
88232
88240
88250
88256
88272
88274
88286
88290
88298
88312
88320
88325
88352
88359
88368
88376
88380
88384
88387
88388
88400
88424
88432
88440
88465
88476
88486
88500
88502
88520
88536
88538
88555
88560
88596
88626
88640
88650
88662
88664
88669
88676
88680
88697
88703
88705
88714
88740
88744
88748
88749
88752
88768
88780
88784
88790
88796
88800
88805
88808
88816
88830
88836
88856
88860
88870
88872
88882
88888
88894
88896
88908
88916
88930
88940
88944
88946
88949
88950
88960
88971
88984
88996
89000
89006
89070
89072
89076
89088
89090
89097
89100
89104
89123
89125
89132
89140
89144
89148
89150
89152
89164
89168
89177
89180
89186
89188
89200
89232
89256
89312
89320
89329
89335
89336
89348
89356
89360
89370
89380
89382
89390
89396
89408
89416
89418
89430
89435
89440
89442
89450
89451
89455
89458
89462
89468
89470
89500
89518
89530
89540
89545
89550
89560
89565
89572
89575
89584
89590
89592
89596
89600
89603
89650
89656
89664
89672
89674
89680
89706
89722
89725
89728
89740
89752
89760
89783
89788
89795
89796
89800
89808
89809
89810
89824
89829
89840
89853
89855
89900
89904
89912
89920
89952
89958
89960
89982
89983
89998
90000
90001
90002
90024
90034
90035
90048
90052
90080
90084
90120
90139
90140
90152
90156
90174
90180
90191
90210
90213
90216
90225
90240
90248
90250
90264
90265
90272
90280
90290
90292
90294
90352
90375
90376
90394
90400
90404
90410
90440
90462
90465
90478
90500
90505
90512
90517
90532
90536
90540
90560
90562
90580
90584
90600
90610
90625
90628
90640
90651
90654
90656
90670
90680
90688
90700
90716
90717
90720
90760
90776
90780
90790
90792
90800
90802
90808
90816
90825
90862
90864
90865
90868
90870
90872
90880
90882
90900
90940
90944
90970
90975
90978
90986
90994
91000
91004
91012
91020
91050
91058
91072
91075
91084
91092
91104
91120
91132
91136
91140
91168
91176
91200
91203
91204
91215
91216
91220
91235
91240
91248
91250
91260
91264
91266
91280
91288
91290
91296
91300
91307
91310
91316
91320
91328
91333
91338
91346
91360
91376
91392
91400
91408
91412
91424
91440
91456
91460
91464
91480
91490
91492
91494
91498
91500
91504
91505
91520
91532
91550
91560
91584
91585
91590
91592
91600
91625
91632
91646
91654
91678
91680
91700
91712
91720
91730
91760
91776
91782
91797
91800
91829
91830
91832
91836
91840
91860
91872
91880
91912
91916
91936
91960
91968
92000
92010
92032
92035
92036
92048
92052
92055
92060
92064
92068
92072
92080
92083
92096
92112
92122
92126
92138
92150
92160
92188
92190
92196
92200
92220
92250
92256
92272
92288
92290
92320
92326
92332
92356
92360
92380
92396
92399
92410
92420
92428
92430
92448
92452
92460
92476
92480
92493
92500
92512
92544
92560
92568
92570
92576
92584
92592
92594
92612
92616
92640
92648
92654
92658
92680
92688
92696
92710
92715
92720
92728
92736
92762
92768
92770
92772
92780
92784
92790
92796
92800
92814
92818
92820
92830
92832
92836
92844
92850
92896
92905
92916
92925
92928
92930
92942
92950
92960
92970
92984
92995
93015
93022
93025
93040
93042
93050
93072
93080
93088
93095
93100
93110
93126
93146
93147
93172
93184
93200
93216
93233
93244
93280
93282
93314
93316
93320
93325
93330
93336
93342
93360
93366
93392
93400
93410
93412
93416
93420
93440
93450
93460
93472
93487
93488
93516
93548
93552
93556
93558
93575
93576
93588
93620
93628
93630
93632
93634
93660
93675
93680
93684
93687
93694
93703
93708
93728
93730
93737
93740
93750
93756
93759
93760
93778
93794
93816
93828
93832
93850
93864
93875
93877
93890
93892
93900
93904
93908
93910
93920
93932
93940
93949
93960
93966
93968
93984
93996
94000
94008
94052
94060
94062
94070
94080
94081
94100
94104
94116
94120
94125
94130
94148
94160
94168
94170
94172
94208
94236
94240
94252
94256
94272
94280
94300
94306
94310
94312
94320
94340
94348
94350
94352
94360
94380
94383
94396
94400
94412
94416
94418
94420
94470
94480
94500
94504
94532
94540
94544
94556
94560
94608
94616
94628
94636
94662
94680
94685
94688
94696
94700
94712
94720
94722
94724
94728
94734
94744
94750
94760
94764
94778
94784
94792
94800
94836
94840
94848
94850
94860
94875
94880
94884
94887
94888
94891
94907
94910
94912
94920
94950
94967
94978
94992
95000
95008
95024
95028
95040
95042
95054
95068
95115
95125
95132
95140
95152
95170
95174
95176
95184
95188
95190
95198
95200
95204
95208
95215
95220
95232
95238
95240
95246
95248
95250
95252
95260
95265
95280
95288
95290
95310
95323
95328
95332
95336
95338
95340
95344
95353
95360
95372
95380
95396
95400
95425
95436
95456
95460
95464
95470
95480
95488
95490
95500
95502
95504
95510
95520
95526
95536
95540
95546
95554
95558
95564
95570
95572
95574
95580
95590
95610
95612
95613
95620
95624
95628
95630
95640
95650
95656
95670
95678
95680
95713
95716
95722
95738
95748
95750
95752
95770
95780
95784
95792
95800
95813
95816
95820
95840
95848
95870
95872
95875
95880
95896
95898
95904
95905
95912
95920
95928
95960
95968
95985
95988
95990
95992
96000
96020
96022
96040
96080
96088
96096
96110
96112
96114
96115
96120
96125
96128
96132
96148
96158
96160
96176
96180
96185
96186
96200
96226
96238
96240
96258
96264
96284
96292
96312
96320
96325
96348
96350
96354
96360
96366
96370
96372
96380
96384
96396
96408
96416
96440
96448
96456
96464
96472
96480
96495
96500
96504
96520
96524
96535
96536
96540
96544
96548
96551
96556
96560
96570
96606
96608
96616
96624
96636
96638
96640
96648
96676
96680
96695
96696
96700
96704
96708
96720
96732
96733
96760
96766
96768
96775
96800
96802
96810
96820
96824
96840
96856
96862
96864
96875
96880
96888
96890
96894
96900
96904
96908
96912
96920
96930
96958
96960
96968
96992
97018
97028
97040
97054
97072
97080
97082
97090
97100
97105
97113
97114
97120
97130
97140
97144
97150
97151
97152
97160
97164
97176
97180
97185
97200
97208
97210
97220
97232
97248
97255
97268
97280
97300
97312
97324
97336
97358
97364
97372
97376
97380
97393
97400
97410
97424
97448
97449
97452
97464
97478
97494
97500
97504
97513
97535
97540
97545
97550
97560
97572
97576
97580
97586
97600
97602
97622
97624
97632
97638
97650
97672
97680
97700
97710
97720
97728
97738
97760
97776
97790
97796
97824
97828
97872
97876
97896
97900
97906
97920
97928
97930
97940
97950
97952
97956
97965
97972
97975
98000
98004
98020
98025
98032
98045
98064
98080
98086
98088
98095
98096
98100
98105
98112
98115
98118
98125
98134
98138
98144
98160
98176
98200
98203
98216
98220
98224
98230
98235
98236
98240
98250
98256
98266
98282
98285
98288
98290
98300
98306
98312
98320
98336
98340
98345
98348
98376
98378
98400
98420
98425
98440
98442
98444
98450
98456
98462
98466
98496
98500
98508
98520
98522
98528
98540
98584
98592
98620
98640
98679
98692
98698
98704
98708
98720
98725
98740
98750
98756
98760
98765
98784
98787
98800
98810
98816
98820
98822
98836
98838
98840
98850
98868
98876
98880
98888
98904
98914
98922
98927
98930
98942
98960
98976
98980
98988
99002
99009
99025
99035
99040
99050
99058
99088
99090
99096
99098
99142
99144
99200
99215
99225
99240
99248
99264
99328
99350
99352
99360
99364
99368
99405
99408
99420
99424
99440
99450
99456
99460
99472
99485
99500
99520
99540
99550
99552
99565
99570
99608
99624
99626
99628
99630
99640
99644
99650
99664
99670
99680
99682
99686
99688
99700
99716
99720
99724
99744
99746
99755
99760
99775
99780
99801
99811
99818
99836
99840
99848
99856
99872
99873
99878
99880
99890
99900
99905
99915
99920
99940
99952
99973
99976
